2025-06-30 17:20:02 — WARNING — Error computing first-inning ERA for 777306: statcast_pitcher() got an unexpected keyword argument 'pitcher_id'
2025-06-30 17:21:48 — WARNING — Error computing first-inning ERA for 777306: statcast_pitcher() got an unexpected keyword argument 'pitcher_id'
2025-06-30 18:13:35 — DEBUG — Starting new HTTPS connection (1): baseballsavant.mlb.com:443
2025-06-30 18:13:35 — DEBUG — https://baseballsavant.mlb.com:443 "GET /statcast_search/csv?all=true&hfPT=&hfAB=&hfBBT=&hfPR=&hfZ=&stadium=&hfBBL=&hfNewZones=&hfGT=R%7CPO%7CS%7C=&hfSea=&hfSit=&player_type=pitcher&hfOuts=&opponent=&pitcher_throws=&batter_stands=&hfSA=&game_date_gt=2025-05-31&game_date_lt=2025-06-30&pitchers_lookup%5B%5D=656876&team=&position=&hfRO=&home_road=&hfFlag=&metric_1=&hfInn=&min_pitches=0&min_results=0&group_by=name&sort_col=pitches&player_event_sort=h_launch_speed&sort_order=desc&min_abs=0&type=details& HTTP/1.1" 200 275639
2025-06-30 18:13:35 — INFO — Found 5 appearances for 2025-05-31→2025-06-30: ['2025-06-03', '2025-06-08', '2025-06-14', '2025-06-19', '2025-06-25']
2025-06-30 18:13:35 — DEBUG — Starting new HTTPS connection (1): baseballsavant.mlb.com:443
2025-06-30 18:13:36 — DEBUG — https://baseballsavant.mlb.com:443 "GET /statcast_search/csv?all=true&type=details&game_pk=777662 HTTP/1.1" 200 184802
2025-06-30 18:13:36 — DEBUG — Starting new HTTPS connection (1): baseballsavant.mlb.com:443
2025-06-30 18:13:37 — DEBUG — https://baseballsavant.mlb.com:443 "GET /statcast_search/csv?all=true&type=details&game_pk=777592 HTTP/1.1" 200 178798
2025-06-30 18:13:37 — DEBUG — Starting new HTTPS connection (1): baseballsavant.mlb.com:443
2025-06-30 18:13:39 — DEBUG — https://baseballsavant.mlb.com:443 "GET /statcast_search/csv?all=true&type=details&game_pk=777518 HTTP/1.1" 200 218320
2025-06-30 18:13:39 — DEBUG — Starting new HTTPS connection (1): baseballsavant.mlb.com:443
2025-06-30 18:13:40 — DEBUG — https://baseballsavant.mlb.com:443 "GET /statcast_search/csv?all=true&type=details&game_pk=777446 HTTP/1.1" 200 217892
2025-06-30 18:13:40 — DEBUG — Starting new HTTPS connection (1): baseballsavant.mlb.com:443
2025-06-30 18:13:41 — DEBUG — https://baseballsavant.mlb.com:443 "GET /statcast_search/csv?all=true&type=details&game_pk=777359 HTTP/1.1" 200 165986
2025-06-30 18:13:41 — DEBUG — Starting new HTTPS connection (1): baseballsavant.mlb.com:443
2025-06-30 18:13:41 — DEBUG — https://baseballsavant.mlb.com:443 "GET /statcast_search/csv?all=true&hfPT=&hfAB=&hfBBT=&hfPR=&hfZ=&stadium=&hfBBL=&hfNewZones=&hfGT=R%7CPO%7CS%7C=&hfSea=&hfSit=&player_type=pitcher&hfOuts=&opponent=&pitcher_throws=&batter_stands=&hfSA=&game_date_gt=2025-05-31&game_date_lt=2025-06-30&pitchers_lookup%5B%5D=656876&team=&position=&hfRO=&home_road=&hfFlag=&metric_1=&hfInn=&min_pitches=0&min_results=0&group_by=name&sort_col=pitches&player_event_sort=h_launch_speed&sort_order=desc&min_abs=0&type=details& HTTP/1.1" 200 275639
2025-06-30 18:13:41 — DEBUG — Starting new HTTPS connection (1): baseballsavant.mlb.com:443
2025-06-30 18:13:41 — DEBUG — https://baseballsavant.mlb.com:443 "GET /statcast_search/csv?all=true&hfPT=&hfAB=&hfBBT=&hfPR=&hfZ=&stadium=&hfBBL=&hfNewZones=&hfGT=R%7CPO%7CS%7C=&hfSea=&hfSit=&player_type=pitcher&hfOuts=&opponent=&pitcher_throws=&batter_stands=&hfSA=&game_date_gt=2025-05-31&game_date_lt=2025-06-30&pitchers_lookup%5B%5D=656876&team=&position=&hfRO=&home_road=&hfFlag=&metric_1=&hfInn=&min_pitches=0&min_results=0&group_by=name&sort_col=pitches&player_event_sort=h_launch_speed&sort_order=desc&min_abs=0&type=details& HTTP/1.1" 200 275639
2025-06-30 18:13:41 — DEBUG — Starting new HTTPS connection (1): baseballsavant.mlb.com:443
2025-06-30 18:13:41 — DEBUG — https://baseballsavant.mlb.com:443 "GET /statcast_search/csv?all=true&hfPT=&hfAB=&hfBBT=&hfPR=&hfZ=&stadium=&hfBBL=&hfNewZones=&hfGT=R%7CPO%7CS%7C=&hfSea=&hfSit=&player_type=pitcher&hfOuts=&opponent=&pitcher_throws=&batter_stands=&hfSA=&game_date_gt=2025-05-31&game_date_lt=2025-06-30&pitchers_lookup%5B%5D=656876&team=&position=&hfRO=&home_road=&hfFlag=&metric_1=&hfInn=&min_pitches=0&min_results=0&group_by=name&sort_col=pitches&player_event_sort=h_launch_speed&sort_order=desc&min_abs=0&type=details& HTTP/1.1" 200 275639
2025-06-30 18:13:41 — DEBUG — Starting new HTTPS connection (1): baseballsavant.mlb.com:443
2025-06-30 18:13:41 — DEBUG — https://baseballsavant.mlb.com:443 "GET /statcast_search/csv?all=true&hfPT=&hfAB=&hfBBT=&hfPR=&hfZ=&stadium=&hfBBL=&hfNewZones=&hfGT=R%7CPO%7CS%7C=&hfSea=&hfSit=&player_type=pitcher&hfOuts=&opponent=&pitcher_throws=&batter_stands=&hfSA=&game_date_gt=2025-05-31&game_date_lt=2025-06-30&pitchers_lookup%5B%5D=656876&team=&position=&hfRO=&home_road=&hfFlag=&metric_1=&hfInn=&min_pitches=0&min_results=0&group_by=name&sort_col=pitches&player_event_sort=h_launch_speed&sort_order=desc&min_abs=0&type=details& HTTP/1.1" 200 275639
2025-06-30 18:13:41 — DEBUG — Starting new HTTPS connection (1): baseballsavant.mlb.com:443
2025-06-30 18:13:41 — DEBUG — https://baseballsavant.mlb.com:443 "GET /statcast_search/csv?all=true&hfPT=&hfAB=&hfBBT=&hfPR=&hfZ=&stadium=&hfBBL=&hfNewZones=&hfGT=R%7CPO%7CS%7C=&hfSea=&hfSit=&player_type=pitcher&hfOuts=&opponent=&pitcher_throws=&batter_stands=&hfSA=&game_date_gt=2025-05-31&game_date_lt=2025-06-30&pitchers_lookup%5B%5D=656876&team=&position=&hfRO=&home_road=&hfFlag=&metric_1=&hfInn=&min_pitches=0&min_results=0&group_by=name&sort_col=pitches&player_event_sort=h_launch_speed&sort_order=desc&min_abs=0&type=details& HTTP/1.1" 200 275639
2025-06-30 18:13:41 — DEBUG — Starting new HTTPS connection (1): baseballsavant.mlb.com:443
2025-06-30 18:13:41 — DEBUG — https://baseballsavant.mlb.com:443 "GET /statcast_search/csv?all=true&hfPT=&hfAB=&hfBBT=&hfPR=&hfZ=&stadium=&hfBBL=&hfNewZones=&hfGT=R%7CPO%7CS%7C=&hfSea=&hfSit=&player_type=pitcher&hfOuts=&opponent=&pitcher_throws=&batter_stands=&hfSA=&game_date_gt=2025-05-31&game_date_lt=2025-06-30&pitchers_lookup%5B%5D=656876&team=&position=&hfRO=&home_road=&hfFlag=&metric_1=&hfInn=&min_pitches=0&min_results=0&group_by=name&sort_col=pitches&player_event_sort=h_launch_speed&sort_order=desc&min_abs=0&type=details& HTTP/1.1" 200 275639
2025-06-30 18:13:41 — DEBUG — Starting new HTTPS connection (1): baseballsavant.mlb.com:443
2025-06-30 18:13:42 — DEBUG — https://baseballsavant.mlb.com:443 "GET /statcast_search/csv?all=true&hfPT=&hfAB=&hfBBT=&hfPR=&hfZ=&stadium=&hfBBL=&hfNewZones=&hfGT=R%7CPO%7CS%7C=&hfSea=&hfSit=&player_type=pitcher&hfOuts=&opponent=&pitcher_throws=&batter_stands=&hfSA=&game_date_gt=2025-05-31&game_date_lt=2025-06-30&pitchers_lookup%5B%5D=656876&team=&position=&hfRO=&home_road=&hfFlag=&metric_1=&hfInn=&min_pitches=0&min_results=0&group_by=name&sort_col=pitches&player_event_sort=h_launch_speed&sort_order=desc&min_abs=0&type=details& HTTP/1.1" 200 275639
2025-06-30 18:13:42 — DEBUG — Starting new HTTPS connection (1): baseballsavant.mlb.com:443
2025-06-30 18:13:42 — DEBUG — https://baseballsavant.mlb.com:443 "GET /statcast_search/csv?all=true&hfPT=&hfAB=&hfBBT=&hfPR=&hfZ=&stadium=&hfBBL=&hfNewZones=&hfGT=R%7CPO%7CS%7C=&hfSea=&hfSit=&player_type=pitcher&hfOuts=&opponent=&pitcher_throws=&batter_stands=&hfSA=&game_date_gt=2025-05-31&game_date_lt=2025-06-30&pitchers_lookup%5B%5D=656876&team=&position=&hfRO=&home_road=&hfFlag=&metric_1=&hfInn=&min_pitches=0&min_results=0&group_by=name&sort_col=pitches&player_event_sort=h_launch_speed&sort_order=desc&min_abs=0&type=details& HTTP/1.1" 200 275639
2025-06-30 18:13:42 — DEBUG — Starting new HTTPS connection (1): baseballsavant.mlb.com:443
2025-06-30 18:13:42 — DEBUG — https://baseballsavant.mlb.com:443 "GET /statcast_search/csv?all=true&hfPT=&hfAB=&hfBBT=&hfPR=&hfZ=&stadium=&hfBBL=&hfNewZones=&hfGT=R%7CPO%7CS%7C=&hfSea=&hfSit=&player_type=pitcher&hfOuts=&opponent=&pitcher_throws=&batter_stands=&hfSA=&game_date_gt=2025-05-31&game_date_lt=2025-06-30&pitchers_lookup%5B%5D=656876&team=&position=&hfRO=&home_road=&hfFlag=&metric_1=&hfInn=&min_pitches=0&min_results=0&group_by=name&sort_col=pitches&player_event_sort=h_launch_speed&sort_order=desc&min_abs=0&type=details& HTTP/1.1" 200 275639
2025-06-30 18:13:42 — DEBUG — Starting new HTTPS connection (1): baseballsavant.mlb.com:443
2025-06-30 18:13:42 — DEBUG — https://baseballsavant.mlb.com:443 "GET /statcast_search/csv?all=true&hfPT=&hfAB=&hfBBT=&hfPR=&hfZ=&stadium=&hfBBL=&hfNewZones=&hfGT=R%7CPO%7CS%7C=&hfSea=&hfSit=&player_type=pitcher&hfOuts=&opponent=&pitcher_throws=&batter_stands=&hfSA=&game_date_gt=2025-05-31&game_date_lt=2025-06-30&pitchers_lookup%5B%5D=656876&team=&position=&hfRO=&home_road=&hfFlag=&metric_1=&hfInn=&min_pitches=0&min_results=0&group_by=name&sort_col=pitches&player_event_sort=h_launch_speed&sort_order=desc&min_abs=0&type=details& HTTP/1.1" 200 275639
2025-06-30 18:18:06 — DEBUG — Starting new HTTPS connection (1): baseballsavant.mlb.com:443
2025-06-30 18:18:06 — DEBUG — https://baseballsavant.mlb.com:443 "GET /statcast_search/csv?all=true&hfPT=&hfAB=&hfBBT=&hfPR=&hfZ=&stadium=&hfBBL=&hfNewZones=&hfGT=R%7CPO%7CS%7C=&hfSea=&hfSit=&player_type=pitcher&hfOuts=&opponent=&pitcher_throws=&batter_stands=&hfSA=&game_date_gt=2025-05-31&game_date_lt=2025-06-30&pitchers_lookup%5B%5D=656876&team=&position=&hfRO=&home_road=&hfFlag=&metric_1=&hfInn=&min_pitches=0&min_results=0&group_by=name&sort_col=pitches&player_event_sort=h_launch_speed&sort_order=desc&min_abs=0&type=details& HTTP/1.1" 200 275639
2025-06-30 18:18:06 — INFO — Found 5 appearances for 2025-05-31→2025-06-30: ['2025-06-03', '2025-06-08', '2025-06-14', '2025-06-19', '2025-06-25']
2025-06-30 18:18:06 — DEBUG — Starting new HTTPS connection (1): baseballsavant.mlb.com:443
2025-06-30 18:18:06 — DEBUG — https://baseballsavant.mlb.com:443 "GET /statcast_search/csv?all=true&type=details&game_pk=777662 HTTP/1.1" 200 184802
2025-06-30 18:18:06 — DEBUG — Starting new HTTPS connection (1): baseballsavant.mlb.com:443
2025-06-30 18:18:06 — DEBUG — https://baseballsavant.mlb.com:443 "GET /statcast_search/csv?all=true&type=details&game_pk=777592 HTTP/1.1" 200 178798
2025-06-30 18:18:06 — DEBUG — Starting new HTTPS connection (1): baseballsavant.mlb.com:443
2025-06-30 18:18:06 — DEBUG — https://baseballsavant.mlb.com:443 "GET /statcast_search/csv?all=true&type=details&game_pk=777518 HTTP/1.1" 200 218320
2025-06-30 18:18:06 — DEBUG — Starting new HTTPS connection (1): baseballsavant.mlb.com:443
2025-06-30 18:18:06 — DEBUG — https://baseballsavant.mlb.com:443 "GET /statcast_search/csv?all=true&type=details&game_pk=777446 HTTP/1.1" 200 217892
2025-06-30 18:18:06 — DEBUG — Starting new HTTPS connection (1): baseballsavant.mlb.com:443
2025-06-30 18:18:06 — DEBUG — https://baseballsavant.mlb.com:443 "GET /statcast_search/csv?all=true&type=details&game_pk=777359 HTTP/1.1" 200 165986
2025-06-30 18:18:06 — DEBUG — Starting new HTTPS connection (1): baseballsavant.mlb.com:443
2025-06-30 18:18:06 — DEBUG — https://baseballsavant.mlb.com:443 "GET /statcast_search/csv?all=true&hfPT=&hfAB=&hfBBT=&hfPR=&hfZ=&stadium=&hfBBL=&hfNewZones=&hfGT=R%7CPO%7CS%7C=&hfSea=&hfSit=&player_type=pitcher&hfOuts=&opponent=&pitcher_throws=&batter_stands=&hfSA=&game_date_gt=2025-05-31&game_date_lt=2025-06-30&pitchers_lookup%5B%5D=656876&team=&position=&hfRO=&home_road=&hfFlag=&metric_1=&hfInn=&min_pitches=0&min_results=0&group_by=name&sort_col=pitches&player_event_sort=h_launch_speed&sort_order=desc&min_abs=0&type=details& HTTP/1.1" 200 275639
2025-06-30 18:18:06 — DEBUG — Starting new HTTPS connection (1): baseballsavant.mlb.com:443
2025-06-30 18:18:06 — DEBUG — https://baseballsavant.mlb.com:443 "GET /statcast_search/csv?all=true&hfPT=&hfAB=&hfBBT=&hfPR=&hfZ=&stadium=&hfBBL=&hfNewZones=&hfGT=R%7CPO%7CS%7C=&hfSea=&hfSit=&player_type=pitcher&hfOuts=&opponent=&pitcher_throws=&batter_stands=&hfSA=&game_date_gt=2025-05-31&game_date_lt=2025-06-30&pitchers_lookup%5B%5D=656876&team=&position=&hfRO=&home_road=&hfFlag=&metric_1=&hfInn=&min_pitches=0&min_results=0&group_by=name&sort_col=pitches&player_event_sort=h_launch_speed&sort_order=desc&min_abs=0&type=details& HTTP/1.1" 200 275639
2025-06-30 18:18:06 — DEBUG — Starting new HTTPS connection (1): baseballsavant.mlb.com:443
2025-06-30 18:18:06 — DEBUG — https://baseballsavant.mlb.com:443 "GET /statcast_search/csv?all=true&hfPT=&hfAB=&hfBBT=&hfPR=&hfZ=&stadium=&hfBBL=&hfNewZones=&hfGT=R%7CPO%7CS%7C=&hfSea=&hfSit=&player_type=pitcher&hfOuts=&opponent=&pitcher_throws=&batter_stands=&hfSA=&game_date_gt=2025-05-31&game_date_lt=2025-06-30&pitchers_lookup%5B%5D=656876&team=&position=&hfRO=&home_road=&hfFlag=&metric_1=&hfInn=&min_pitches=0&min_results=0&group_by=name&sort_col=pitches&player_event_sort=h_launch_speed&sort_order=desc&min_abs=0&type=details& HTTP/1.1" 200 275639
2025-06-30 18:18:06 — DEBUG — Starting new HTTPS connection (1): baseballsavant.mlb.com:443
2025-06-30 18:18:06 — DEBUG — https://baseballsavant.mlb.com:443 "GET /statcast_search/csv?all=true&hfPT=&hfAB=&hfBBT=&hfPR=&hfZ=&stadium=&hfBBL=&hfNewZones=&hfGT=R%7CPO%7CS%7C=&hfSea=&hfSit=&player_type=pitcher&hfOuts=&opponent=&pitcher_throws=&batter_stands=&hfSA=&game_date_gt=2025-05-31&game_date_lt=2025-06-30&pitchers_lookup%5B%5D=656876&team=&position=&hfRO=&home_road=&hfFlag=&metric_1=&hfInn=&min_pitches=0&min_results=0&group_by=name&sort_col=pitches&player_event_sort=h_launch_speed&sort_order=desc&min_abs=0&type=details& HTTP/1.1" 200 275639
2025-06-30 18:18:07 — DEBUG — Starting new HTTPS connection (1): baseballsavant.mlb.com:443
2025-06-30 18:18:07 — DEBUG — https://baseballsavant.mlb.com:443 "GET /statcast_search/csv?all=true&hfPT=&hfAB=&hfBBT=&hfPR=&hfZ=&stadium=&hfBBL=&hfNewZones=&hfGT=R%7CPO%7CS%7C=&hfSea=&hfSit=&player_type=pitcher&hfOuts=&opponent=&pitcher_throws=&batter_stands=&hfSA=&game_date_gt=2025-05-31&game_date_lt=2025-06-30&pitchers_lookup%5B%5D=656876&team=&position=&hfRO=&home_road=&hfFlag=&metric_1=&hfInn=&min_pitches=0&min_results=0&group_by=name&sort_col=pitches&player_event_sort=h_launch_speed&sort_order=desc&min_abs=0&type=details& HTTP/1.1" 200 275639
2025-06-30 18:18:07 — DEBUG — Starting new HTTPS connection (1): baseballsavant.mlb.com:443
2025-06-30 18:18:07 — DEBUG — https://baseballsavant.mlb.com:443 "GET /statcast_search/csv?all=true&hfPT=&hfAB=&hfBBT=&hfPR=&hfZ=&stadium=&hfBBL=&hfNewZones=&hfGT=R%7CPO%7CS%7C=&hfSea=&hfSit=&player_type=pitcher&hfOuts=&opponent=&pitcher_throws=&batter_stands=&hfSA=&game_date_gt=2025-05-31&game_date_lt=2025-06-30&pitchers_lookup%5B%5D=656876&team=&position=&hfRO=&home_road=&hfFlag=&metric_1=&hfInn=&min_pitches=0&min_results=0&group_by=name&sort_col=pitches&player_event_sort=h_launch_speed&sort_order=desc&min_abs=0&type=details& HTTP/1.1" 200 275639
2025-06-30 18:18:07 — DEBUG — Starting new HTTPS connection (1): baseballsavant.mlb.com:443
2025-06-30 18:18:07 — DEBUG — https://baseballsavant.mlb.com:443 "GET /statcast_search/csv?all=true&hfPT=&hfAB=&hfBBT=&hfPR=&hfZ=&stadium=&hfBBL=&hfNewZones=&hfGT=R%7CPO%7CS%7C=&hfSea=&hfSit=&player_type=pitcher&hfOuts=&opponent=&pitcher_throws=&batter_stands=&hfSA=&game_date_gt=2025-05-31&game_date_lt=2025-06-30&pitchers_lookup%5B%5D=656876&team=&position=&hfRO=&home_road=&hfFlag=&metric_1=&hfInn=&min_pitches=0&min_results=0&group_by=name&sort_col=pitches&player_event_sort=h_launch_speed&sort_order=desc&min_abs=0&type=details& HTTP/1.1" 200 275639
2025-06-30 18:18:07 — DEBUG — Starting new HTTPS connection (1): baseballsavant.mlb.com:443
2025-06-30 18:18:07 — DEBUG — https://baseballsavant.mlb.com:443 "GET /statcast_search/csv?all=true&hfPT=&hfAB=&hfBBT=&hfPR=&hfZ=&stadium=&hfBBL=&hfNewZones=&hfGT=R%7CPO%7CS%7C=&hfSea=&hfSit=&player_type=pitcher&hfOuts=&opponent=&pitcher_throws=&batter_stands=&hfSA=&game_date_gt=2025-05-31&game_date_lt=2025-06-30&pitchers_lookup%5B%5D=656876&team=&position=&hfRO=&home_road=&hfFlag=&metric_1=&hfInn=&min_pitches=0&min_results=0&group_by=name&sort_col=pitches&player_event_sort=h_launch_speed&sort_order=desc&min_abs=0&type=details& HTTP/1.1" 200 275639
2025-06-30 18:18:07 — DEBUG — Starting new HTTPS connection (1): baseballsavant.mlb.com:443
2025-06-30 18:18:07 — DEBUG — https://baseballsavant.mlb.com:443 "GET /statcast_search/csv?all=true&hfPT=&hfAB=&hfBBT=&hfPR=&hfZ=&stadium=&hfBBL=&hfNewZones=&hfGT=R%7CPO%7CS%7C=&hfSea=&hfSit=&player_type=pitcher&hfOuts=&opponent=&pitcher_throws=&batter_stands=&hfSA=&game_date_gt=2025-05-31&game_date_lt=2025-06-30&pitchers_lookup%5B%5D=656876&team=&position=&hfRO=&home_road=&hfFlag=&metric_1=&hfInn=&min_pitches=0&min_results=0&group_by=name&sort_col=pitches&player_event_sort=h_launch_speed&sort_order=desc&min_abs=0&type=details& HTTP/1.1" 200 275639
2025-06-30 18:18:07 — DEBUG — Starting new HTTPS connection (1): baseballsavant.mlb.com:443
2025-06-30 18:18:07 — DEBUG — https://baseballsavant.mlb.com:443 "GET /statcast_search/csv?all=true&hfPT=&hfAB=&hfBBT=&hfPR=&hfZ=&stadium=&hfBBL=&hfNewZones=&hfGT=R%7CPO%7CS%7C=&hfSea=&hfSit=&player_type=pitcher&hfOuts=&opponent=&pitcher_throws=&batter_stands=&hfSA=&game_date_gt=2025-05-31&game_date_lt=2025-06-30&pitchers_lookup%5B%5D=656876&team=&position=&hfRO=&home_road=&hfFlag=&metric_1=&hfInn=&min_pitches=0&min_results=0&group_by=name&sort_col=pitches&player_event_sort=h_launch_speed&sort_order=desc&min_abs=0&type=details& HTTP/1.1" 200 275639
2025-06-30 18:18:55 — DEBUG — Starting new HTTPS connection (1): baseballsavant.mlb.com:443
2025-06-30 18:18:55 — DEBUG — https://baseballsavant.mlb.com:443 "GET /statcast_search/csv?all=true&hfPT=&hfAB=&hfBBT=&hfPR=&hfZ=&stadium=&hfBBL=&hfNewZones=&hfGT=R%7CPO%7CS%7C=&hfSea=&hfSit=&player_type=pitcher&hfOuts=&opponent=&pitcher_throws=&batter_stands=&hfSA=&game_date_gt=2025-05-31&game_date_lt=2025-06-30&pitchers_lookup%5B%5D=656876&team=&position=&hfRO=&home_road=&hfFlag=&metric_1=&hfInn=&min_pitches=0&min_results=0&group_by=name&sort_col=pitches&player_event_sort=h_launch_speed&sort_order=desc&min_abs=0&type=details& HTTP/1.1" 200 275639
2025-06-30 18:18:55 — INFO — Found 5 appearances for 2025-05-31→2025-06-30: ['2025-06-03', '2025-06-08', '2025-06-14', '2025-06-19', '2025-06-25']
2025-06-30 18:18:55 — DEBUG — Starting new HTTPS connection (1): baseballsavant.mlb.com:443
2025-06-30 18:18:56 — DEBUG — https://baseballsavant.mlb.com:443 "GET /statcast_search/csv?all=true&type=details&game_pk=777662 HTTP/1.1" 200 184802
2025-06-30 18:18:56 — DEBUG — Starting new HTTPS connection (1): baseballsavant.mlb.com:443
2025-06-30 18:18:56 — DEBUG — https://baseballsavant.mlb.com:443 "GET /statcast_search/csv?all=true&type=details&game_pk=777592 HTTP/1.1" 200 178798
2025-06-30 18:18:56 — DEBUG — Starting new HTTPS connection (1): baseballsavant.mlb.com:443
2025-06-30 18:18:56 — DEBUG — https://baseballsavant.mlb.com:443 "GET /statcast_search/csv?all=true&type=details&game_pk=777518 HTTP/1.1" 200 218320
2025-06-30 18:18:56 — DEBUG — Starting new HTTPS connection (1): baseballsavant.mlb.com:443
2025-06-30 18:18:56 — DEBUG — https://baseballsavant.mlb.com:443 "GET /statcast_search/csv?all=true&type=details&game_pk=777446 HTTP/1.1" 200 217892
2025-06-30 18:18:56 — DEBUG — Starting new HTTPS connection (1): baseballsavant.mlb.com:443
2025-06-30 18:18:56 — DEBUG — https://baseballsavant.mlb.com:443 "GET /statcast_search/csv?all=true&type=details&game_pk=777359 HTTP/1.1" 200 165986
2025-06-30 18:18:56 — DEBUG — Starting new HTTPS connection (1): baseballsavant.mlb.com:443
2025-06-30 18:18:56 — DEBUG — https://baseballsavant.mlb.com:443 "GET /statcast_search/csv?all=true&hfPT=&hfAB=&hfBBT=&hfPR=&hfZ=&stadium=&hfBBL=&hfNewZones=&hfGT=R%7CPO%7CS%7C=&hfSea=&hfSit=&player_type=pitcher&hfOuts=&opponent=&pitcher_throws=&batter_stands=&hfSA=&game_date_gt=2025-05-31&game_date_lt=2025-06-30&pitchers_lookup%5B%5D=656876&team=&position=&hfRO=&home_road=&hfFlag=&metric_1=&hfInn=&min_pitches=0&min_results=0&group_by=name&sort_col=pitches&player_event_sort=h_launch_speed&sort_order=desc&min_abs=0&type=details& HTTP/1.1" 200 275639
2025-06-30 18:18:56 — DEBUG — Starting new HTTPS connection (1): baseballsavant.mlb.com:443
2025-06-30 18:18:56 — DEBUG — https://baseballsavant.mlb.com:443 "GET /statcast_search/csv?all=true&hfPT=&hfAB=&hfBBT=&hfPR=&hfZ=&stadium=&hfBBL=&hfNewZones=&hfGT=R%7CPO%7CS%7C=&hfSea=&hfSit=&player_type=pitcher&hfOuts=&opponent=&pitcher_throws=&batter_stands=&hfSA=&game_date_gt=2025-05-31&game_date_lt=2025-06-30&pitchers_lookup%5B%5D=656876&team=&position=&hfRO=&home_road=&hfFlag=&metric_1=&hfInn=&min_pitches=0&min_results=0&group_by=name&sort_col=pitches&player_event_sort=h_launch_speed&sort_order=desc&min_abs=0&type=details& HTTP/1.1" 200 275639
2025-06-30 18:18:56 — DEBUG — Starting new HTTPS connection (1): baseballsavant.mlb.com:443
2025-06-30 18:18:56 — DEBUG — https://baseballsavant.mlb.com:443 "GET /statcast_search/csv?all=true&hfPT=&hfAB=&hfBBT=&hfPR=&hfZ=&stadium=&hfBBL=&hfNewZones=&hfGT=R%7CPO%7CS%7C=&hfSea=&hfSit=&player_type=pitcher&hfOuts=&opponent=&pitcher_throws=&batter_stands=&hfSA=&game_date_gt=2025-05-31&game_date_lt=2025-06-30&pitchers_lookup%5B%5D=656876&team=&position=&hfRO=&home_road=&hfFlag=&metric_1=&hfInn=&min_pitches=0&min_results=0&group_by=name&sort_col=pitches&player_event_sort=h_launch_speed&sort_order=desc&min_abs=0&type=details& HTTP/1.1" 200 275639
2025-06-30 18:18:56 — DEBUG — Starting new HTTPS connection (1): baseballsavant.mlb.com:443
2025-06-30 18:18:56 — DEBUG — https://baseballsavant.mlb.com:443 "GET /statcast_search/csv?all=true&hfPT=&hfAB=&hfBBT=&hfPR=&hfZ=&stadium=&hfBBL=&hfNewZones=&hfGT=R%7CPO%7CS%7C=&hfSea=&hfSit=&player_type=pitcher&hfOuts=&opponent=&pitcher_throws=&batter_stands=&hfSA=&game_date_gt=2025-05-31&game_date_lt=2025-06-30&pitchers_lookup%5B%5D=656876&team=&position=&hfRO=&home_road=&hfFlag=&metric_1=&hfInn=&min_pitches=0&min_results=0&group_by=name&sort_col=pitches&player_event_sort=h_launch_speed&sort_order=desc&min_abs=0&type=details& HTTP/1.1" 200 275639
2025-06-30 18:18:56 — DEBUG — Starting new HTTPS connection (1): baseballsavant.mlb.com:443
2025-06-30 18:18:56 — DEBUG — https://baseballsavant.mlb.com:443 "GET /statcast_search/csv?all=true&hfPT=&hfAB=&hfBBT=&hfPR=&hfZ=&stadium=&hfBBL=&hfNewZones=&hfGT=R%7CPO%7CS%7C=&hfSea=&hfSit=&player_type=pitcher&hfOuts=&opponent=&pitcher_throws=&batter_stands=&hfSA=&game_date_gt=2025-05-31&game_date_lt=2025-06-30&pitchers_lookup%5B%5D=656876&team=&position=&hfRO=&home_road=&hfFlag=&metric_1=&hfInn=&min_pitches=0&min_results=0&group_by=name&sort_col=pitches&player_event_sort=h_launch_speed&sort_order=desc&min_abs=0&type=details& HTTP/1.1" 200 275639
2025-06-30 18:18:56 — DEBUG — Starting new HTTPS connection (1): baseballsavant.mlb.com:443
2025-06-30 18:18:56 — DEBUG — https://baseballsavant.mlb.com:443 "GET /statcast_search/csv?all=true&hfPT=&hfAB=&hfBBT=&hfPR=&hfZ=&stadium=&hfBBL=&hfNewZones=&hfGT=R%7CPO%7CS%7C=&hfSea=&hfSit=&player_type=pitcher&hfOuts=&opponent=&pitcher_throws=&batter_stands=&hfSA=&game_date_gt=2025-05-31&game_date_lt=2025-06-30&pitchers_lookup%5B%5D=656876&team=&position=&hfRO=&home_road=&hfFlag=&metric_1=&hfInn=&min_pitches=0&min_results=0&group_by=name&sort_col=pitches&player_event_sort=h_launch_speed&sort_order=desc&min_abs=0&type=details& HTTP/1.1" 200 275639
2025-06-30 18:18:56 — DEBUG — Starting new HTTPS connection (1): baseballsavant.mlb.com:443
2025-06-30 18:18:57 — DEBUG — https://baseballsavant.mlb.com:443 "GET /statcast_search/csv?all=true&hfPT=&hfAB=&hfBBT=&hfPR=&hfZ=&stadium=&hfBBL=&hfNewZones=&hfGT=R%7CPO%7CS%7C=&hfSea=&hfSit=&player_type=pitcher&hfOuts=&opponent=&pitcher_throws=&batter_stands=&hfSA=&game_date_gt=2025-05-31&game_date_lt=2025-06-30&pitchers_lookup%5B%5D=656876&team=&position=&hfRO=&home_road=&hfFlag=&metric_1=&hfInn=&min_pitches=0&min_results=0&group_by=name&sort_col=pitches&player_event_sort=h_launch_speed&sort_order=desc&min_abs=0&type=details& HTTP/1.1" 200 275639
2025-06-30 18:18:57 — DEBUG — Starting new HTTPS connection (1): baseballsavant.mlb.com:443
2025-06-30 18:18:57 — DEBUG — https://baseballsavant.mlb.com:443 "GET /statcast_search/csv?all=true&hfPT=&hfAB=&hfBBT=&hfPR=&hfZ=&stadium=&hfBBL=&hfNewZones=&hfGT=R%7CPO%7CS%7C=&hfSea=&hfSit=&player_type=pitcher&hfOuts=&opponent=&pitcher_throws=&batter_stands=&hfSA=&game_date_gt=2025-05-31&game_date_lt=2025-06-30&pitchers_lookup%5B%5D=656876&team=&position=&hfRO=&home_road=&hfFlag=&metric_1=&hfInn=&min_pitches=0&min_results=0&group_by=name&sort_col=pitches&player_event_sort=h_launch_speed&sort_order=desc&min_abs=0&type=details& HTTP/1.1" 200 275639
2025-06-30 18:18:57 — DEBUG — Starting new HTTPS connection (1): baseballsavant.mlb.com:443
2025-06-30 18:18:57 — DEBUG — https://baseballsavant.mlb.com:443 "GET /statcast_search/csv?all=true&hfPT=&hfAB=&hfBBT=&hfPR=&hfZ=&stadium=&hfBBL=&hfNewZones=&hfGT=R%7CPO%7CS%7C=&hfSea=&hfSit=&player_type=pitcher&hfOuts=&opponent=&pitcher_throws=&batter_stands=&hfSA=&game_date_gt=2025-05-31&game_date_lt=2025-06-30&pitchers_lookup%5B%5D=656876&team=&position=&hfRO=&home_road=&hfFlag=&metric_1=&hfInn=&min_pitches=0&min_results=0&group_by=name&sort_col=pitches&player_event_sort=h_launch_speed&sort_order=desc&min_abs=0&type=details& HTTP/1.1" 200 275639
2025-06-30 18:18:57 — DEBUG — Starting new HTTPS connection (1): baseballsavant.mlb.com:443
2025-06-30 18:18:57 — DEBUG — https://baseballsavant.mlb.com:443 "GET /statcast_search/csv?all=true&hfPT=&hfAB=&hfBBT=&hfPR=&hfZ=&stadium=&hfBBL=&hfNewZones=&hfGT=R%7CPO%7CS%7C=&hfSea=&hfSit=&player_type=pitcher&hfOuts=&opponent=&pitcher_throws=&batter_stands=&hfSA=&game_date_gt=2025-05-31&game_date_lt=2025-06-30&pitchers_lookup%5B%5D=656876&team=&position=&hfRO=&home_road=&hfFlag=&metric_1=&hfInn=&min_pitches=0&min_results=0&group_by=name&sort_col=pitches&player_event_sort=h_launch_speed&sort_order=desc&min_abs=0&type=details& HTTP/1.1" 200 275639
2025-06-30 18:20:15 — DEBUG — Starting new HTTPS connection (1): baseballsavant.mlb.com:443
2025-06-30 18:20:15 — DEBUG — https://baseballsavant.mlb.com:443 "GET /statcast_search/csv?all=true&hfPT=&hfAB=&hfBBT=&hfPR=&hfZ=&stadium=&hfBBL=&hfNewZones=&hfGT=R%7CPO%7CS%7C=&hfSea=&hfSit=&player_type=pitcher&hfOuts=&opponent=&pitcher_throws=&batter_stands=&hfSA=&game_date_gt=2025-05-31&game_date_lt=2025-06-30&pitchers_lookup%5B%5D=656876&team=&position=&hfRO=&home_road=&hfFlag=&metric_1=&hfInn=&min_pitches=0&min_results=0&group_by=name&sort_col=pitches&player_event_sort=h_launch_speed&sort_order=desc&min_abs=0&type=details& HTTP/1.1" 200 275639
2025-06-30 18:20:15 — INFO — Found 5 appearances for 2025-05-31→2025-06-30: ['2025-06-03', '2025-06-08', '2025-06-14', '2025-06-19', '2025-06-25']
2025-06-30 18:20:15 — DEBUG — Starting new HTTPS connection (1): baseballsavant.mlb.com:443
2025-06-30 18:20:15 — DEBUG — https://baseballsavant.mlb.com:443 "GET /statcast_search/csv?all=true&type=details&game_pk=777662 HTTP/1.1" 200 184802
2025-06-30 18:20:15 — DEBUG — Starting new HTTPS connection (1): baseballsavant.mlb.com:443
2025-06-30 18:20:15 — DEBUG — https://baseballsavant.mlb.com:443 "GET /statcast_search/csv?all=true&type=details&game_pk=777592 HTTP/1.1" 200 178798
2025-06-30 18:20:15 — DEBUG — Starting new HTTPS connection (1): baseballsavant.mlb.com:443
2025-06-30 18:20:15 — DEBUG — https://baseballsavant.mlb.com:443 "GET /statcast_search/csv?all=true&type=details&game_pk=777518 HTTP/1.1" 200 218320
2025-06-30 18:20:15 — DEBUG — Starting new HTTPS connection (1): baseballsavant.mlb.com:443
2025-06-30 18:20:15 — DEBUG — https://baseballsavant.mlb.com:443 "GET /statcast_search/csv?all=true&type=details&game_pk=777446 HTTP/1.1" 200 217892
2025-06-30 18:20:15 — DEBUG — Starting new HTTPS connection (1): baseballsavant.mlb.com:443
2025-06-30 18:20:15 — DEBUG — https://baseballsavant.mlb.com:443 "GET /statcast_search/csv?all=true&type=details&game_pk=777359 HTTP/1.1" 200 165986
2025-06-30 18:20:15 — DEBUG — Starting new HTTPS connection (1): baseballsavant.mlb.com:443
2025-06-30 18:20:15 — DEBUG — https://baseballsavant.mlb.com:443 "GET /statcast_search/csv?all=true&hfPT=&hfAB=&hfBBT=&hfPR=&hfZ=&stadium=&hfBBL=&hfNewZones=&hfGT=R%7CPO%7CS%7C=&hfSea=&hfSit=&player_type=pitcher&hfOuts=&opponent=&pitcher_throws=&batter_stands=&hfSA=&game_date_gt=2025-05-31&game_date_lt=2025-06-30&pitchers_lookup%5B%5D=656876&team=&position=&hfRO=&home_road=&hfFlag=&metric_1=&hfInn=&min_pitches=0&min_results=0&group_by=name&sort_col=pitches&player_event_sort=h_launch_speed&sort_order=desc&min_abs=0&type=details& HTTP/1.1" 200 275639
2025-06-30 18:20:15 — DEBUG — Starting new HTTPS connection (1): baseballsavant.mlb.com:443
2025-06-30 18:20:15 — DEBUG — https://baseballsavant.mlb.com:443 "GET /statcast_search/csv?all=true&hfPT=&hfAB=&hfBBT=&hfPR=&hfZ=&stadium=&hfBBL=&hfNewZones=&hfGT=R%7CPO%7CS%7C=&hfSea=&hfSit=&player_type=pitcher&hfOuts=&opponent=&pitcher_throws=&batter_stands=&hfSA=&game_date_gt=2025-05-31&game_date_lt=2025-06-30&pitchers_lookup%5B%5D=656876&team=&position=&hfRO=&home_road=&hfFlag=&metric_1=&hfInn=&min_pitches=0&min_results=0&group_by=name&sort_col=pitches&player_event_sort=h_launch_speed&sort_order=desc&min_abs=0&type=details& HTTP/1.1" 200 275639
2025-06-30 18:20:15 — DEBUG — Starting new HTTPS connection (1): baseballsavant.mlb.com:443
2025-06-30 18:20:16 — DEBUG — https://baseballsavant.mlb.com:443 "GET /statcast_search/csv?all=true&hfPT=&hfAB=&hfBBT=&hfPR=&hfZ=&stadium=&hfBBL=&hfNewZones=&hfGT=R%7CPO%7CS%7C=&hfSea=&hfSit=&player_type=pitcher&hfOuts=&opponent=&pitcher_throws=&batter_stands=&hfSA=&game_date_gt=2025-05-31&game_date_lt=2025-06-30&pitchers_lookup%5B%5D=656876&team=&position=&hfRO=&home_road=&hfFlag=&metric_1=&hfInn=&min_pitches=0&min_results=0&group_by=name&sort_col=pitches&player_event_sort=h_launch_speed&sort_order=desc&min_abs=0&type=details& HTTP/1.1" 200 275639
2025-06-30 18:20:16 — DEBUG — Starting new HTTPS connection (1): baseballsavant.mlb.com:443
2025-06-30 18:20:16 — DEBUG — https://baseballsavant.mlb.com:443 "GET /statcast_search/csv?all=true&hfPT=&hfAB=&hfBBT=&hfPR=&hfZ=&stadium=&hfBBL=&hfNewZones=&hfGT=R%7CPO%7CS%7C=&hfSea=&hfSit=&player_type=pitcher&hfOuts=&opponent=&pitcher_throws=&batter_stands=&hfSA=&game_date_gt=2025-05-31&game_date_lt=2025-06-30&pitchers_lookup%5B%5D=656876&team=&position=&hfRO=&home_road=&hfFlag=&metric_1=&hfInn=&min_pitches=0&min_results=0&group_by=name&sort_col=pitches&player_event_sort=h_launch_speed&sort_order=desc&min_abs=0&type=details& HTTP/1.1" 200 275639
2025-06-30 18:20:16 — DEBUG — Starting new HTTPS connection (1): baseballsavant.mlb.com:443
2025-06-30 18:20:16 — DEBUG — https://baseballsavant.mlb.com:443 "GET /statcast_search/csv?all=true&hfPT=&hfAB=&hfBBT=&hfPR=&hfZ=&stadium=&hfBBL=&hfNewZones=&hfGT=R%7CPO%7CS%7C=&hfSea=&hfSit=&player_type=pitcher&hfOuts=&opponent=&pitcher_throws=&batter_stands=&hfSA=&game_date_gt=2025-05-31&game_date_lt=2025-06-30&pitchers_lookup%5B%5D=656876&team=&position=&hfRO=&home_road=&hfFlag=&metric_1=&hfInn=&min_pitches=0&min_results=0&group_by=name&sort_col=pitches&player_event_sort=h_launch_speed&sort_order=desc&min_abs=0&type=details& HTTP/1.1" 200 275639
2025-06-30 18:20:16 — DEBUG — Starting new HTTPS connection (1): baseballsavant.mlb.com:443
2025-06-30 18:20:16 — DEBUG — https://baseballsavant.mlb.com:443 "GET /statcast_search/csv?all=true&hfPT=&hfAB=&hfBBT=&hfPR=&hfZ=&stadium=&hfBBL=&hfNewZones=&hfGT=R%7CPO%7CS%7C=&hfSea=&hfSit=&player_type=pitcher&hfOuts=&opponent=&pitcher_throws=&batter_stands=&hfSA=&game_date_gt=2025-05-31&game_date_lt=2025-06-30&pitchers_lookup%5B%5D=656876&team=&position=&hfRO=&home_road=&hfFlag=&metric_1=&hfInn=&min_pitches=0&min_results=0&group_by=name&sort_col=pitches&player_event_sort=h_launch_speed&sort_order=desc&min_abs=0&type=details& HTTP/1.1" 200 275639
2025-06-30 18:20:16 — DEBUG — Starting new HTTPS connection (1): baseballsavant.mlb.com:443
2025-06-30 18:20:16 — DEBUG — https://baseballsavant.mlb.com:443 "GET /statcast_search/csv?all=true&hfPT=&hfAB=&hfBBT=&hfPR=&hfZ=&stadium=&hfBBL=&hfNewZones=&hfGT=R%7CPO%7CS%7C=&hfSea=&hfSit=&player_type=pitcher&hfOuts=&opponent=&pitcher_throws=&batter_stands=&hfSA=&game_date_gt=2025-05-31&game_date_lt=2025-06-30&pitchers_lookup%5B%5D=656876&team=&position=&hfRO=&home_road=&hfFlag=&metric_1=&hfInn=&min_pitches=0&min_results=0&group_by=name&sort_col=pitches&player_event_sort=h_launch_speed&sort_order=desc&min_abs=0&type=details& HTTP/1.1" 200 275639
2025-06-30 18:20:16 — DEBUG — Starting new HTTPS connection (1): baseballsavant.mlb.com:443
2025-06-30 18:20:16 — DEBUG — https://baseballsavant.mlb.com:443 "GET /statcast_search/csv?all=true&hfPT=&hfAB=&hfBBT=&hfPR=&hfZ=&stadium=&hfBBL=&hfNewZones=&hfGT=R%7CPO%7CS%7C=&hfSea=&hfSit=&player_type=pitcher&hfOuts=&opponent=&pitcher_throws=&batter_stands=&hfSA=&game_date_gt=2025-05-31&game_date_lt=2025-06-30&pitchers_lookup%5B%5D=656876&team=&position=&hfRO=&home_road=&hfFlag=&metric_1=&hfInn=&min_pitches=0&min_results=0&group_by=name&sort_col=pitches&player_event_sort=h_launch_speed&sort_order=desc&min_abs=0&type=details& HTTP/1.1" 200 275639
2025-06-30 18:20:16 — DEBUG — Starting new HTTPS connection (1): baseballsavant.mlb.com:443
2025-06-30 18:20:16 — DEBUG — https://baseballsavant.mlb.com:443 "GET /statcast_search/csv?all=true&hfPT=&hfAB=&hfBBT=&hfPR=&hfZ=&stadium=&hfBBL=&hfNewZones=&hfGT=R%7CPO%7CS%7C=&hfSea=&hfSit=&player_type=pitcher&hfOuts=&opponent=&pitcher_throws=&batter_stands=&hfSA=&game_date_gt=2025-05-31&game_date_lt=2025-06-30&pitchers_lookup%5B%5D=656876&team=&position=&hfRO=&home_road=&hfFlag=&metric_1=&hfInn=&min_pitches=0&min_results=0&group_by=name&sort_col=pitches&player_event_sort=h_launch_speed&sort_order=desc&min_abs=0&type=details& HTTP/1.1" 200 275639
2025-06-30 18:20:16 — DEBUG — Starting new HTTPS connection (1): baseballsavant.mlb.com:443
2025-06-30 18:20:16 — DEBUG — https://baseballsavant.mlb.com:443 "GET /statcast_search/csv?all=true&hfPT=&hfAB=&hfBBT=&hfPR=&hfZ=&stadium=&hfBBL=&hfNewZones=&hfGT=R%7CPO%7CS%7C=&hfSea=&hfSit=&player_type=pitcher&hfOuts=&opponent=&pitcher_throws=&batter_stands=&hfSA=&game_date_gt=2025-05-31&game_date_lt=2025-06-30&pitchers_lookup%5B%5D=656876&team=&position=&hfRO=&home_road=&hfFlag=&metric_1=&hfInn=&min_pitches=0&min_results=0&group_by=name&sort_col=pitches&player_event_sort=h_launch_speed&sort_order=desc&min_abs=0&type=details& HTTP/1.1" 200 275639
2025-06-30 18:37:00 — INFO — 📡 Fetching team codes from MLB API for season 2025
2025-06-30 18:37:00 — DEBUG — [Mock] Returning mocked team codes
2025-06-30 18:37:00 — INFO — ✅ Saved team codes to cache at .cache\team_codes_2025.json
2025-06-30 18:37:00 — INFO — Fetching team codes from MLB API for season 2025
2025-06-30 18:37:00 — DEBUG — Starting new HTTPS connection (1): statsapi.mlb.com:443
2025-06-30 18:37:01 — DEBUG — https://statsapi.mlb.com:443 "GET /api/v1/teams?season=2025&sportId=1 HTTP/1.1" 200 2916
2025-06-30 18:37:01 — INFO — ✅ Saved team codes to cache at F:\Dropbox\1_Work\Development\GitHub\Fluidity1337\ai-ml-predictive-models\src\utils\mlb\.cache\team_codes_2025.json
2025-06-30 18:37:01 — INFO — Features config keys: ['xFIP', 'BarrelPct', 'f1_era', 'WHIP', 'wRCp1st', 'wOBA3']
2025-06-30 18:37:01 — INFO — Loading 2025 pitching stats via pybaseball…
2025-06-30 18:37:01 — DEBUG — Starting new HTTPS connection (1): www.fangraphs.com:443
2025-06-30 18:37:01 — DEBUG — https://www.fangraphs.com:443 "GET /leaders-legacy.aspx?pos=all&stats=pit&lg=all&qual=y&type=c%2C-1%2C3%2C4%2C5%2C6%2C7%2C8%2C9%2C10%2C11%2C12%2C13%2C14%2C15%2C16%2C17%2C18%2C19%2C20%2C21%2C22%2C23%2C24%2C25%2C26%2C27%2C28%2C29%2C30%2C31%2C32%2C33%2C34%2C35%2C36%2C37%2C38%2C39%2C40%2C41%2C42%2C43%2C44%2C45%2C46%2C47%2C48%2C49%2C50%2C51%2C52%2C53%2C54%2C55%2C56%2C57%2C58%2C59%2C60%2C61%2C62%2C63%2C64%2C65%2C66%2C67%2C68%2C69%2C70%2C71%2C72%2C73%2C74%2C75%2C76%2C77%2C78%2C79%2C80%2C81%2C82%2C83%2C84%2C85%2C86%2C87%2C88%2C89%2C90%2C91%2C92%2C93%2C94%2C95%2C96%2C97%2C98%2C99%2C100%2C101%2C102%2C103%2C104%2C105%2C106%2C107%2C108%2C109%2C110%2C111%2C112%2C113%2C114%2C115%2C116%2C117%2C118%2C119%2C120%2C121%2C122%2C123%2C124%2C125%2C126%2C127%2C128%2C129%2C130%2C131%2C132%2C133%2C134%2C135%2C136%2C137%2C138%2C139%2C140%2C141%2C142%2C143%2C144%2C145%2C146%2C147%2C148%2C149%2C150%2C151%2C152%2C153%2C154%2C155%2C156%2C157%2C158%2C159%2C160%2C161%2C162%2C163%2C164%2C165%2C166%2C167%2C168%2C169%2C170%2C171%2C172%2C173%2C174%2C175%2C176%2C177%2C178%2C179%2C180%2C181%2C182%2C183%2C184%2C185%2C186%2C187%2C188%2C189%2C190%2C191%2C192%2C193%2C194%2C195%2C196%2C197%2C198%2C199%2C200%2C201%2C202%2C203%2C204%2C205%2C206%2C207%2C208%2C209%2C210%2C211%2C212%2C213%2C214%2C215%2C216%2C217%2C218%2C219%2C220%2C221%2C222%2C223%2C224%2C225%2C226%2C227%2C228%2C229%2C230%2C231%2C232%2C233%2C234%2C235%2C236%2C237%2C238%2C239%2C240%2C241%2C242%2C243%2C244%2C245%2C246%2C247%2C248%2C249%2C250%2C251%2C252%2C253%2C254%2C255%2C256%2C257%2C258%2C259%2C260%2C261%2C262%2C263%2C264%2C265%2C266%2C267%2C268%2C269%2C270%2C271%2C272%2C273%2C274%2C275%2C276%2C277%2C278%2C279%2C280%2C281%2C282%2C283%2C284%2C285%2C286%2C287%2C288%2C289%2C290%2C291%2C292%2C293%2C294%2C295%2C296%2C297%2C298%2C299%2C300%2C301%2C302%2C303%2C304%2C305%2C306%2C307%2C308%2C309%2C310%2C311%2C312%2C313%2C314%2C315%2C316%2C317%2C318%2C319%2C320%2C321%2C322%2C323%2C324%2C325%2C326%2C327%2C328%2C329%2C330%2C331%2C332%2C333%2C334%2C335%2C336%2C337%2C338%2C339%2C340%2C341%2C342%2C343%2C344%2C345%2C346%2C347%2C348%2C349%2C350%2C351%2C352%2C353%2C354%2C355%2C356%2C357%2C358%2C359%2C360%2C361%2C362%2C363%2C364%2C365%2C366%2C367%2C368%2C369%2C370%2C371%2C372%2C373%2C374%2C375%2C376%2C377%2C378%2C379%2C380%2C381%2C382%2C383%2C384%2C385%2C386%2C387%2C388%2C389%2C390%2C391&season=2025&month=0&season1=2025&ind=1&team=&rost=0&age=0%2C100&filter=&players=&page=1_1000000 HTTP/1.1" 200 None
2025-06-30 18:37:01 — INFO — Loading 2025 batting stats via pybaseball…
2025-06-30 18:37:01 — DEBUG — Starting new HTTPS connection (1): statsapi.mlb.com:443
2025-06-30 18:37:01 — DEBUG — https://statsapi.mlb.com:443 "GET /api/v1/schedule?sportId=1&date=2025-06-30&hydrate=teams(team,previewPlayers),probablePitcher HTTP/1.1" 200 2172
2025-06-30 18:37:01 — INFO — Loaded 8 games
2025-06-30 18:38:27 — INFO — 📦 Loading team codes from cache: .cache\team_codes_2025.json
2025-06-30 18:38:27 — INFO — Fetching team codes from MLB API for season 2025
2025-06-30 18:38:27 — DEBUG — Starting new HTTPS connection (1): statsapi.mlb.com:443
2025-06-30 18:38:27 — DEBUG — https://statsapi.mlb.com:443 "GET /api/v1/teams?season=2025&sportId=1 HTTP/1.1" 200 2916
2025-06-30 18:38:27 — INFO — ✅ Saved team codes to cache at F:\Dropbox\1_Work\Development\GitHub\Fluidity1337\ai-ml-predictive-models\src\utils\mlb\.cache\team_codes_2025.json
2025-06-30 18:38:27 — INFO — Features config keys: ['xFIP', 'BarrelPct', 'f1_era', 'WHIP', 'wRCp1st', 'wOBA3']
2025-06-30 18:38:27 — INFO — Loading 2025 pitching stats via pybaseball…
2025-06-30 18:38:27 — DEBUG — Starting new HTTPS connection (1): www.fangraphs.com:443
2025-06-30 18:38:28 — DEBUG — https://www.fangraphs.com:443 "GET /leaders-legacy.aspx?pos=all&stats=pit&lg=all&qual=y&type=c%2C-1%2C3%2C4%2C5%2C6%2C7%2C8%2C9%2C10%2C11%2C12%2C13%2C14%2C15%2C16%2C17%2C18%2C19%2C20%2C21%2C22%2C23%2C24%2C25%2C26%2C27%2C28%2C29%2C30%2C31%2C32%2C33%2C34%2C35%2C36%2C37%2C38%2C39%2C40%2C41%2C42%2C43%2C44%2C45%2C46%2C47%2C48%2C49%2C50%2C51%2C52%2C53%2C54%2C55%2C56%2C57%2C58%2C59%2C60%2C61%2C62%2C63%2C64%2C65%2C66%2C67%2C68%2C69%2C70%2C71%2C72%2C73%2C74%2C75%2C76%2C77%2C78%2C79%2C80%2C81%2C82%2C83%2C84%2C85%2C86%2C87%2C88%2C89%2C90%2C91%2C92%2C93%2C94%2C95%2C96%2C97%2C98%2C99%2C100%2C101%2C102%2C103%2C104%2C105%2C106%2C107%2C108%2C109%2C110%2C111%2C112%2C113%2C114%2C115%2C116%2C117%2C118%2C119%2C120%2C121%2C122%2C123%2C124%2C125%2C126%2C127%2C128%2C129%2C130%2C131%2C132%2C133%2C134%2C135%2C136%2C137%2C138%2C139%2C140%2C141%2C142%2C143%2C144%2C145%2C146%2C147%2C148%2C149%2C150%2C151%2C152%2C153%2C154%2C155%2C156%2C157%2C158%2C159%2C160%2C161%2C162%2C163%2C164%2C165%2C166%2C167%2C168%2C169%2C170%2C171%2C172%2C173%2C174%2C175%2C176%2C177%2C178%2C179%2C180%2C181%2C182%2C183%2C184%2C185%2C186%2C187%2C188%2C189%2C190%2C191%2C192%2C193%2C194%2C195%2C196%2C197%2C198%2C199%2C200%2C201%2C202%2C203%2C204%2C205%2C206%2C207%2C208%2C209%2C210%2C211%2C212%2C213%2C214%2C215%2C216%2C217%2C218%2C219%2C220%2C221%2C222%2C223%2C224%2C225%2C226%2C227%2C228%2C229%2C230%2C231%2C232%2C233%2C234%2C235%2C236%2C237%2C238%2C239%2C240%2C241%2C242%2C243%2C244%2C245%2C246%2C247%2C248%2C249%2C250%2C251%2C252%2C253%2C254%2C255%2C256%2C257%2C258%2C259%2C260%2C261%2C262%2C263%2C264%2C265%2C266%2C267%2C268%2C269%2C270%2C271%2C272%2C273%2C274%2C275%2C276%2C277%2C278%2C279%2C280%2C281%2C282%2C283%2C284%2C285%2C286%2C287%2C288%2C289%2C290%2C291%2C292%2C293%2C294%2C295%2C296%2C297%2C298%2C299%2C300%2C301%2C302%2C303%2C304%2C305%2C306%2C307%2C308%2C309%2C310%2C311%2C312%2C313%2C314%2C315%2C316%2C317%2C318%2C319%2C320%2C321%2C322%2C323%2C324%2C325%2C326%2C327%2C328%2C329%2C330%2C331%2C332%2C333%2C334%2C335%2C336%2C337%2C338%2C339%2C340%2C341%2C342%2C343%2C344%2C345%2C346%2C347%2C348%2C349%2C350%2C351%2C352%2C353%2C354%2C355%2C356%2C357%2C358%2C359%2C360%2C361%2C362%2C363%2C364%2C365%2C366%2C367%2C368%2C369%2C370%2C371%2C372%2C373%2C374%2C375%2C376%2C377%2C378%2C379%2C380%2C381%2C382%2C383%2C384%2C385%2C386%2C387%2C388%2C389%2C390%2C391&season=2025&month=0&season1=2025&ind=1&team=&rost=0&age=0%2C100&filter=&players=&page=1_1000000 HTTP/1.1" 200 None
2025-06-30 18:38:28 — INFO — Loading 2025 batting stats via pybaseball…
2025-06-30 18:38:28 — DEBUG — Starting new HTTPS connection (1): statsapi.mlb.com:443
2025-06-30 18:38:28 — DEBUG — https://statsapi.mlb.com:443 "GET /api/v1/schedule?sportId=1&date=2025-06-30&hydrate=teams(team,previewPlayers),probablePitcher HTTP/1.1" 200 2174
2025-06-30 18:38:28 — INFO — Loaded 8 games
2025-06-30 18:39:40 — INFO — 📦 Loading team codes from cache: .cache\team_codes_2025.json
2025-06-30 18:39:40 — INFO — Fetching team codes from MLB API for season 2025
2025-06-30 18:39:40 — DEBUG — Starting new HTTPS connection (1): statsapi.mlb.com:443
2025-06-30 18:39:40 — DEBUG — https://statsapi.mlb.com:443 "GET /api/v1/teams?season=2025&sportId=1 HTTP/1.1" 200 2916
2025-06-30 18:39:40 — INFO — ✅ Saved team codes to cache at F:\Dropbox\1_Work\Development\GitHub\Fluidity1337\ai-ml-predictive-models\src\utils\mlb\.cache\team_codes_2025.json
2025-06-30 18:39:40 — INFO — Features config keys: ['xFIP', 'BarrelPct', 'f1_era', 'WHIP', 'wRCp1st', 'wOBA3']
2025-06-30 18:39:40 — INFO — Loading 2025 pitching stats via pybaseball…
2025-06-30 18:39:40 — DEBUG — Starting new HTTPS connection (1): www.fangraphs.com:443
2025-06-30 18:39:40 — DEBUG — https://www.fangraphs.com:443 "GET /leaders-legacy.aspx?pos=all&stats=pit&lg=all&qual=y&type=c%2C-1%2C3%2C4%2C5%2C6%2C7%2C8%2C9%2C10%2C11%2C12%2C13%2C14%2C15%2C16%2C17%2C18%2C19%2C20%2C21%2C22%2C23%2C24%2C25%2C26%2C27%2C28%2C29%2C30%2C31%2C32%2C33%2C34%2C35%2C36%2C37%2C38%2C39%2C40%2C41%2C42%2C43%2C44%2C45%2C46%2C47%2C48%2C49%2C50%2C51%2C52%2C53%2C54%2C55%2C56%2C57%2C58%2C59%2C60%2C61%2C62%2C63%2C64%2C65%2C66%2C67%2C68%2C69%2C70%2C71%2C72%2C73%2C74%2C75%2C76%2C77%2C78%2C79%2C80%2C81%2C82%2C83%2C84%2C85%2C86%2C87%2C88%2C89%2C90%2C91%2C92%2C93%2C94%2C95%2C96%2C97%2C98%2C99%2C100%2C101%2C102%2C103%2C104%2C105%2C106%2C107%2C108%2C109%2C110%2C111%2C112%2C113%2C114%2C115%2C116%2C117%2C118%2C119%2C120%2C121%2C122%2C123%2C124%2C125%2C126%2C127%2C128%2C129%2C130%2C131%2C132%2C133%2C134%2C135%2C136%2C137%2C138%2C139%2C140%2C141%2C142%2C143%2C144%2C145%2C146%2C147%2C148%2C149%2C150%2C151%2C152%2C153%2C154%2C155%2C156%2C157%2C158%2C159%2C160%2C161%2C162%2C163%2C164%2C165%2C166%2C167%2C168%2C169%2C170%2C171%2C172%2C173%2C174%2C175%2C176%2C177%2C178%2C179%2C180%2C181%2C182%2C183%2C184%2C185%2C186%2C187%2C188%2C189%2C190%2C191%2C192%2C193%2C194%2C195%2C196%2C197%2C198%2C199%2C200%2C201%2C202%2C203%2C204%2C205%2C206%2C207%2C208%2C209%2C210%2C211%2C212%2C213%2C214%2C215%2C216%2C217%2C218%2C219%2C220%2C221%2C222%2C223%2C224%2C225%2C226%2C227%2C228%2C229%2C230%2C231%2C232%2C233%2C234%2C235%2C236%2C237%2C238%2C239%2C240%2C241%2C242%2C243%2C244%2C245%2C246%2C247%2C248%2C249%2C250%2C251%2C252%2C253%2C254%2C255%2C256%2C257%2C258%2C259%2C260%2C261%2C262%2C263%2C264%2C265%2C266%2C267%2C268%2C269%2C270%2C271%2C272%2C273%2C274%2C275%2C276%2C277%2C278%2C279%2C280%2C281%2C282%2C283%2C284%2C285%2C286%2C287%2C288%2C289%2C290%2C291%2C292%2C293%2C294%2C295%2C296%2C297%2C298%2C299%2C300%2C301%2C302%2C303%2C304%2C305%2C306%2C307%2C308%2C309%2C310%2C311%2C312%2C313%2C314%2C315%2C316%2C317%2C318%2C319%2C320%2C321%2C322%2C323%2C324%2C325%2C326%2C327%2C328%2C329%2C330%2C331%2C332%2C333%2C334%2C335%2C336%2C337%2C338%2C339%2C340%2C341%2C342%2C343%2C344%2C345%2C346%2C347%2C348%2C349%2C350%2C351%2C352%2C353%2C354%2C355%2C356%2C357%2C358%2C359%2C360%2C361%2C362%2C363%2C364%2C365%2C366%2C367%2C368%2C369%2C370%2C371%2C372%2C373%2C374%2C375%2C376%2C377%2C378%2C379%2C380%2C381%2C382%2C383%2C384%2C385%2C386%2C387%2C388%2C389%2C390%2C391&season=2025&month=0&season1=2025&ind=1&team=&rost=0&age=0%2C100&filter=&players=&page=1_1000000 HTTP/1.1" 200 None
2025-06-30 18:39:41 — INFO — Loading 2025 batting stats via pybaseball…
2025-06-30 18:39:41 — DEBUG — Starting new HTTPS connection (1): statsapi.mlb.com:443
2025-06-30 18:39:41 — DEBUG — https://statsapi.mlb.com:443 "GET /api/v1/schedule?sportId=1&date=2025-06-30&hydrate=teams(team,previewPlayers),probablePitcher HTTP/1.1" 200 2174
2025-06-30 18:39:41 — INFO — Loaded 8 games
2025-06-30 18:40:44 — INFO — 📦 Loading team codes from cache: .cache\team_codes_2025.json
2025-06-30 18:40:44 — INFO — Fetching team codes from MLB API for season 2025
2025-06-30 18:40:44 — DEBUG — Starting new HTTPS connection (1): statsapi.mlb.com:443
2025-06-30 18:40:44 — DEBUG — https://statsapi.mlb.com:443 "GET /api/v1/teams?season=2025&sportId=1 HTTP/1.1" 200 2916
2025-06-30 18:40:44 — INFO — ✅ Saved team codes to cache at F:\Dropbox\1_Work\Development\GitHub\Fluidity1337\ai-ml-predictive-models\src\utils\mlb\.cache\team_codes_2025.json
2025-06-30 18:40:44 — INFO — Features config keys: ['xFIP', 'BarrelPct', 'f1_era', 'WHIP', 'wRCp1st', 'wOBA3']
2025-06-30 18:40:44 — INFO — Loading 2025 pitching stats via pybaseball…
2025-06-30 18:40:44 — DEBUG — Starting new HTTPS connection (1): www.fangraphs.com:443
2025-06-30 18:40:45 — DEBUG — https://www.fangraphs.com:443 "GET /leaders-legacy.aspx?pos=all&stats=pit&lg=all&qual=y&type=c%2C-1%2C3%2C4%2C5%2C6%2C7%2C8%2C9%2C10%2C11%2C12%2C13%2C14%2C15%2C16%2C17%2C18%2C19%2C20%2C21%2C22%2C23%2C24%2C25%2C26%2C27%2C28%2C29%2C30%2C31%2C32%2C33%2C34%2C35%2C36%2C37%2C38%2C39%2C40%2C41%2C42%2C43%2C44%2C45%2C46%2C47%2C48%2C49%2C50%2C51%2C52%2C53%2C54%2C55%2C56%2C57%2C58%2C59%2C60%2C61%2C62%2C63%2C64%2C65%2C66%2C67%2C68%2C69%2C70%2C71%2C72%2C73%2C74%2C75%2C76%2C77%2C78%2C79%2C80%2C81%2C82%2C83%2C84%2C85%2C86%2C87%2C88%2C89%2C90%2C91%2C92%2C93%2C94%2C95%2C96%2C97%2C98%2C99%2C100%2C101%2C102%2C103%2C104%2C105%2C106%2C107%2C108%2C109%2C110%2C111%2C112%2C113%2C114%2C115%2C116%2C117%2C118%2C119%2C120%2C121%2C122%2C123%2C124%2C125%2C126%2C127%2C128%2C129%2C130%2C131%2C132%2C133%2C134%2C135%2C136%2C137%2C138%2C139%2C140%2C141%2C142%2C143%2C144%2C145%2C146%2C147%2C148%2C149%2C150%2C151%2C152%2C153%2C154%2C155%2C156%2C157%2C158%2C159%2C160%2C161%2C162%2C163%2C164%2C165%2C166%2C167%2C168%2C169%2C170%2C171%2C172%2C173%2C174%2C175%2C176%2C177%2C178%2C179%2C180%2C181%2C182%2C183%2C184%2C185%2C186%2C187%2C188%2C189%2C190%2C191%2C192%2C193%2C194%2C195%2C196%2C197%2C198%2C199%2C200%2C201%2C202%2C203%2C204%2C205%2C206%2C207%2C208%2C209%2C210%2C211%2C212%2C213%2C214%2C215%2C216%2C217%2C218%2C219%2C220%2C221%2C222%2C223%2C224%2C225%2C226%2C227%2C228%2C229%2C230%2C231%2C232%2C233%2C234%2C235%2C236%2C237%2C238%2C239%2C240%2C241%2C242%2C243%2C244%2C245%2C246%2C247%2C248%2C249%2C250%2C251%2C252%2C253%2C254%2C255%2C256%2C257%2C258%2C259%2C260%2C261%2C262%2C263%2C264%2C265%2C266%2C267%2C268%2C269%2C270%2C271%2C272%2C273%2C274%2C275%2C276%2C277%2C278%2C279%2C280%2C281%2C282%2C283%2C284%2C285%2C286%2C287%2C288%2C289%2C290%2C291%2C292%2C293%2C294%2C295%2C296%2C297%2C298%2C299%2C300%2C301%2C302%2C303%2C304%2C305%2C306%2C307%2C308%2C309%2C310%2C311%2C312%2C313%2C314%2C315%2C316%2C317%2C318%2C319%2C320%2C321%2C322%2C323%2C324%2C325%2C326%2C327%2C328%2C329%2C330%2C331%2C332%2C333%2C334%2C335%2C336%2C337%2C338%2C339%2C340%2C341%2C342%2C343%2C344%2C345%2C346%2C347%2C348%2C349%2C350%2C351%2C352%2C353%2C354%2C355%2C356%2C357%2C358%2C359%2C360%2C361%2C362%2C363%2C364%2C365%2C366%2C367%2C368%2C369%2C370%2C371%2C372%2C373%2C374%2C375%2C376%2C377%2C378%2C379%2C380%2C381%2C382%2C383%2C384%2C385%2C386%2C387%2C388%2C389%2C390%2C391&season=2025&month=0&season1=2025&ind=1&team=&rost=0&age=0%2C100&filter=&players=&page=1_1000000 HTTP/1.1" 200 None
2025-06-30 18:40:45 — INFO — Loading 2025 batting stats via pybaseball…
2025-06-30 18:40:45 — DEBUG — Starting new HTTPS connection (1): statsapi.mlb.com:443
2025-06-30 18:40:45 — DEBUG — https://statsapi.mlb.com:443 "GET /api/v1/schedule?sportId=1&date=2025-06-30&hydrate=teams(team,previewPlayers),probablePitcher HTTP/1.1" 200 2156
2025-06-30 18:40:45 — INFO — Loaded 8 games
2025-06-30 18:40:45 — DEBUG — [Game 777300] Processing game details
2025-06-30 18:40:45 — DEBUG — [777300] Probables parsed: {'away': {'id': 695505, 'fullName': 'Chase Burns', 'link': '/api/v1/people/695505'}, 'home': {'id': 676979, 'fullName': 'Garrett Crochet', 'link': '/api/v1/people/676979'}}
2025-06-30 18:40:45 — DEBUG — [777300] Side: away, Probable: {'id': 695505, 'fullName': 'Chase Burns', 'link': '/api/v1/people/695505'}
2025-06-30 18:40:45 — DEBUG — Starting new HTTPS connection (1): baseballsavant.mlb.com:443
2025-06-30 18:40:46 — DEBUG — https://baseballsavant.mlb.com:443 "GET /statcast_search/csv?all=true&hfPT=&hfAB=&hfBBT=&hfPR=&hfZ=&stadium=&hfBBL=&hfNewZones=&hfGT=R%7CPO%7CS%7C=&hfSea=&hfSit=&player_type=pitcher&hfOuts=&opponent=&pitcher_throws=&batter_stands=&hfSA=&game_date_gt=2025-05-31&game_date_lt=2025-06-30&pitchers_lookup%5B%5D=695505&team=&position=&hfRO=&home_road=&hfFlag=&metric_1=&hfInn=&min_pitches=0&min_results=0&group_by=name&sort_col=pitches&player_event_sort=h_launch_speed&sort_order=desc&min_abs=0&type=details& HTTP/1.1" 200 57758
2025-06-30 18:40:46 — INFO — Found 1 appearances for 2025-05-31→2025-06-30: ['2025-06-24']
2025-06-30 18:40:46 — DEBUG — Starting new HTTPS connection (1): baseballsavant.mlb.com:443
2025-06-30 18:40:48 — DEBUG — https://baseballsavant.mlb.com:443 "GET /statcast_search/csv?all=true&type=details&game_pk=777385 HTTP/1.1" 200 235803
2025-06-30 18:40:48 — DEBUG — [777300] Computed stats for Chase Burns: {'avg_xfip': np.float64(3.8576562500000002), 'avg_xfip_score': np.float64(54.7), 'avg_barrel_pct': np.float64(3.4482758620689653), 'avg_barrel_pct_score': np.float64(93.6)}
2025-06-30 18:40:48 — DEBUG — [777300] Side: home, Probable: {'id': 676979, 'fullName': 'Garrett Crochet', 'link': '/api/v1/people/676979'}
2025-06-30 18:40:48 — DEBUG — Starting new HTTPS connection (1): baseballsavant.mlb.com:443
2025-06-30 18:40:49 — DEBUG — https://baseballsavant.mlb.com:443 "GET /statcast_search/csv?all=true&hfPT=&hfAB=&hfBBT=&hfPR=&hfZ=&stadium=&hfBBL=&hfNewZones=&hfGT=R%7CPO%7CS%7C=&hfSea=&hfSit=&player_type=pitcher&hfOuts=&opponent=&pitcher_throws=&batter_stands=&hfSA=&game_date_gt=2025-05-31&game_date_lt=2025-06-30&pitchers_lookup%5B%5D=676979&team=&position=&hfRO=&home_road=&hfFlag=&metric_1=&hfInn=&min_pitches=0&min_results=0&group_by=name&sort_col=pitches&player_event_sort=h_launch_speed&sort_order=desc&min_abs=0&type=details& HTTP/1.1" 200 363945
2025-06-30 18:40:49 — INFO — Found 5 appearances for 2025-05-31→2025-06-30: ['2025-06-01', '2025-06-07', '2025-06-13', '2025-06-18', '2025-06-24']
2025-06-30 18:40:49 — DEBUG — Starting new HTTPS connection (1): baseballsavant.mlb.com:443
2025-06-30 18:40:50 — DEBUG — https://baseballsavant.mlb.com:443 "GET /statcast_search/csv?all=true&type=details&game_pk=777692 HTTP/1.1" 200 188136
2025-06-30 18:40:50 — DEBUG — Starting new HTTPS connection (1): baseballsavant.mlb.com:443
2025-06-30 18:40:52 — DEBUG — https://baseballsavant.mlb.com:443 "GET /statcast_search/csv?all=true&type=details&game_pk=777605 HTTP/1.1" 200 205664
2025-06-30 18:40:52 — DEBUG — Starting new HTTPS connection (1): baseballsavant.mlb.com:443
2025-06-30 18:40:53 — DEBUG — https://baseballsavant.mlb.com:443 "GET /statcast_search/csv?all=true&type=details&game_pk=777537 HTTP/1.1" 200 200822
2025-06-30 18:40:53 — DEBUG — Starting new HTTPS connection (1): baseballsavant.mlb.com:443
2025-06-30 18:40:54 — DEBUG — https://baseballsavant.mlb.com:443 "GET /statcast_search/csv?all=true&type=details&game_pk=777453 HTTP/1.1" 200 181456
2025-06-30 18:40:54 — DEBUG — Starting new HTTPS connection (1): baseballsavant.mlb.com:443
2025-06-30 18:40:55 — DEBUG — https://baseballsavant.mlb.com:443 "GET /statcast_search/csv?all=true&type=details&game_pk=777376 HTTP/1.1" 200 212954
2025-06-30 18:40:55 — DEBUG — [777300] Computed stats for Garrett Crochet: {'avg_xfip': np.float64(3.409874966771638), 'avg_xfip_score': np.float64(69.67999999999999), 'avg_barrel_pct': np.float64(2.7485380116959064), 'avg_barrel_pct_score': np.float64(85.4)}
2025-06-30 18:40:55 — INFO — [777300] Final pitcher count: 2
2025-06-30 18:40:55 — DEBUG — Starting new HTTPS connection (1): baseballsavant.mlb.com:443
2025-06-30 18:40:55 — DEBUG — https://baseballsavant.mlb.com:443 "GET /statcast_search/csv?all=true&hfPT=&hfAB=&hfBBT=&hfPR=&hfZ=&stadium=&hfBBL=&hfNewZones=&hfGT=R%7CPO%7CS%7C=&hfSea=&hfSit=&player_type=pitcher&hfOuts=&opponent=&pitcher_throws=&batter_stands=&hfSA=&game_date_gt=2025-05-31&game_date_lt=2025-06-30&pitchers_lookup%5B%5D=676979&team=&position=&hfRO=&home_road=&hfFlag=&metric_1=&hfInn=&min_pitches=0&min_results=0&group_by=name&sort_col=pitches&player_event_sort=h_launch_speed&sort_order=desc&min_abs=0&type=details& HTTP/1.1" 200 363945
2025-06-30 18:40:55 — INFO — Found 5 appearances for 2025-05-31→2025-06-30: ['2025-06-01', '2025-06-07', '2025-06-13', '2025-06-18', '2025-06-24']
2025-06-30 18:40:55 — DEBUG — Starting new HTTPS connection (1): baseballsavant.mlb.com:443
2025-06-30 18:40:56 — DEBUG — https://baseballsavant.mlb.com:443 "GET /statcast_search/csv?all=true&type=details&game_pk=777692 HTTP/1.1" 200 188136
2025-06-30 18:40:56 — DEBUG — Starting new HTTPS connection (1): baseballsavant.mlb.com:443
2025-06-30 18:40:56 — DEBUG — https://baseballsavant.mlb.com:443 "GET /statcast_search/csv?all=true&type=details&game_pk=777605 HTTP/1.1" 200 205664
2025-06-30 18:40:56 — DEBUG — Starting new HTTPS connection (1): baseballsavant.mlb.com:443
2025-06-30 18:40:56 — DEBUG — https://baseballsavant.mlb.com:443 "GET /statcast_search/csv?all=true&type=details&game_pk=777537 HTTP/1.1" 200 200822
2025-06-30 18:40:56 — DEBUG — Starting new HTTPS connection (1): baseballsavant.mlb.com:443
2025-06-30 18:40:56 — DEBUG — https://baseballsavant.mlb.com:443 "GET /statcast_search/csv?all=true&type=details&game_pk=777453 HTTP/1.1" 200 181456
2025-06-30 18:40:56 — DEBUG — Starting new HTTPS connection (1): baseballsavant.mlb.com:443
2025-06-30 18:40:56 — DEBUG — https://baseballsavant.mlb.com:443 "GET /statcast_search/csv?all=true&type=details&game_pk=777376 HTTP/1.1" 200 212954
2025-06-30 18:40:56 — DEBUG — Starting new HTTPS connection (1): baseballsavant.mlb.com:443
2025-06-30 18:40:56 — DEBUG — https://baseballsavant.mlb.com:443 "GET /statcast_search/csv?all=true&hfPT=&hfAB=&hfBBT=&hfPR=&hfZ=&stadium=&hfBBL=&hfNewZones=&hfGT=R%7CPO%7CS%7C=&hfSea=&hfSit=&player_type=pitcher&hfOuts=&opponent=&pitcher_throws=&batter_stands=&hfSA=&game_date_gt=2025-05-31&game_date_lt=2025-06-30&pitchers_lookup%5B%5D=676979&team=&position=&hfRO=&home_road=&hfFlag=&metric_1=&hfInn=&min_pitches=0&min_results=0&group_by=name&sort_col=pitches&player_event_sort=h_launch_speed&sort_order=desc&min_abs=0&type=details& HTTP/1.1" 200 363945
2025-06-30 18:40:56 — DEBUG — Starting new HTTPS connection (1): baseballsavant.mlb.com:443
2025-06-30 18:40:56 — DEBUG — https://baseballsavant.mlb.com:443 "GET /statcast_search/csv?all=true&hfPT=&hfAB=&hfBBT=&hfPR=&hfZ=&stadium=&hfBBL=&hfNewZones=&hfGT=R%7CPO%7CS%7C=&hfSea=&hfSit=&player_type=pitcher&hfOuts=&opponent=&pitcher_throws=&batter_stands=&hfSA=&game_date_gt=2025-05-31&game_date_lt=2025-06-30&pitchers_lookup%5B%5D=676979&team=&position=&hfRO=&home_road=&hfFlag=&metric_1=&hfInn=&min_pitches=0&min_results=0&group_by=name&sort_col=pitches&player_event_sort=h_launch_speed&sort_order=desc&min_abs=0&type=details& HTTP/1.1" 200 363945
2025-06-30 18:40:56 — INFO — Saved CSV to data\baseball\mlb\raw\mlb_combined_stats_20250630.csv
2025-06-30 18:40:56 — INFO — Saved JSON stats summary to data\baseball\mlb\raw\mlb_daily_stats_summary_20250630.json
2025-06-30 18:40:56 — INFO — Saved CSV game summary to data\baseball\mlb\raw\mlb_daily_game_summary_20250630.csv
2025-06-30 18:40:56 — INFO — Saved JSON game summary to data\baseball\mlb\raw\mlb_daily_game_summary_20250630.json
2025-06-30 18:44:53 — INFO — 📦 Loading team codes from cache: .cache\team_codes_2025.json
2025-06-30 18:44:53 — INFO — Fetching team codes from MLB API for season 2025
2025-06-30 18:44:53 — DEBUG — Starting new HTTPS connection (1): statsapi.mlb.com:443
2025-06-30 18:44:53 — DEBUG — https://statsapi.mlb.com:443 "GET /api/v1/teams?season=2025&sportId=1 HTTP/1.1" 200 2916
2025-06-30 18:44:53 — INFO — ✅ Saved team codes to cache at F:\Dropbox\1_Work\Development\GitHub\Fluidity1337\ai-ml-predictive-models\src\utils\mlb\.cache\team_codes_2025.json
2025-06-30 18:44:53 — INFO — Features config keys: ['xFIP', 'BarrelPct', 'f1_era', 'WHIP', 'wRCp1st', 'wOBA3']
2025-06-30 18:44:53 — INFO — Loading 2025 pitching stats via pybaseball…
2025-06-30 18:44:53 — DEBUG — Starting new HTTPS connection (1): www.fangraphs.com:443
2025-06-30 18:44:54 — DEBUG — https://www.fangraphs.com:443 "GET /leaders-legacy.aspx?pos=all&stats=pit&lg=all&qual=y&type=c%2C-1%2C3%2C4%2C5%2C6%2C7%2C8%2C9%2C10%2C11%2C12%2C13%2C14%2C15%2C16%2C17%2C18%2C19%2C20%2C21%2C22%2C23%2C24%2C25%2C26%2C27%2C28%2C29%2C30%2C31%2C32%2C33%2C34%2C35%2C36%2C37%2C38%2C39%2C40%2C41%2C42%2C43%2C44%2C45%2C46%2C47%2C48%2C49%2C50%2C51%2C52%2C53%2C54%2C55%2C56%2C57%2C58%2C59%2C60%2C61%2C62%2C63%2C64%2C65%2C66%2C67%2C68%2C69%2C70%2C71%2C72%2C73%2C74%2C75%2C76%2C77%2C78%2C79%2C80%2C81%2C82%2C83%2C84%2C85%2C86%2C87%2C88%2C89%2C90%2C91%2C92%2C93%2C94%2C95%2C96%2C97%2C98%2C99%2C100%2C101%2C102%2C103%2C104%2C105%2C106%2C107%2C108%2C109%2C110%2C111%2C112%2C113%2C114%2C115%2C116%2C117%2C118%2C119%2C120%2C121%2C122%2C123%2C124%2C125%2C126%2C127%2C128%2C129%2C130%2C131%2C132%2C133%2C134%2C135%2C136%2C137%2C138%2C139%2C140%2C141%2C142%2C143%2C144%2C145%2C146%2C147%2C148%2C149%2C150%2C151%2C152%2C153%2C154%2C155%2C156%2C157%2C158%2C159%2C160%2C161%2C162%2C163%2C164%2C165%2C166%2C167%2C168%2C169%2C170%2C171%2C172%2C173%2C174%2C175%2C176%2C177%2C178%2C179%2C180%2C181%2C182%2C183%2C184%2C185%2C186%2C187%2C188%2C189%2C190%2C191%2C192%2C193%2C194%2C195%2C196%2C197%2C198%2C199%2C200%2C201%2C202%2C203%2C204%2C205%2C206%2C207%2C208%2C209%2C210%2C211%2C212%2C213%2C214%2C215%2C216%2C217%2C218%2C219%2C220%2C221%2C222%2C223%2C224%2C225%2C226%2C227%2C228%2C229%2C230%2C231%2C232%2C233%2C234%2C235%2C236%2C237%2C238%2C239%2C240%2C241%2C242%2C243%2C244%2C245%2C246%2C247%2C248%2C249%2C250%2C251%2C252%2C253%2C254%2C255%2C256%2C257%2C258%2C259%2C260%2C261%2C262%2C263%2C264%2C265%2C266%2C267%2C268%2C269%2C270%2C271%2C272%2C273%2C274%2C275%2C276%2C277%2C278%2C279%2C280%2C281%2C282%2C283%2C284%2C285%2C286%2C287%2C288%2C289%2C290%2C291%2C292%2C293%2C294%2C295%2C296%2C297%2C298%2C299%2C300%2C301%2C302%2C303%2C304%2C305%2C306%2C307%2C308%2C309%2C310%2C311%2C312%2C313%2C314%2C315%2C316%2C317%2C318%2C319%2C320%2C321%2C322%2C323%2C324%2C325%2C326%2C327%2C328%2C329%2C330%2C331%2C332%2C333%2C334%2C335%2C336%2C337%2C338%2C339%2C340%2C341%2C342%2C343%2C344%2C345%2C346%2C347%2C348%2C349%2C350%2C351%2C352%2C353%2C354%2C355%2C356%2C357%2C358%2C359%2C360%2C361%2C362%2C363%2C364%2C365%2C366%2C367%2C368%2C369%2C370%2C371%2C372%2C373%2C374%2C375%2C376%2C377%2C378%2C379%2C380%2C381%2C382%2C383%2C384%2C385%2C386%2C387%2C388%2C389%2C390%2C391&season=2025&month=0&season1=2025&ind=1&team=&rost=0&age=0%2C100&filter=&players=&page=1_1000000 HTTP/1.1" 200 None
2025-06-30 18:44:54 — INFO — Loading 2025 batting stats via pybaseball…
2025-06-30 18:44:54 — DEBUG — Starting new HTTPS connection (1): statsapi.mlb.com:443
2025-06-30 18:44:54 — DEBUG — https://statsapi.mlb.com:443 "GET /api/v1/schedule?sportId=1&date=2025-06-30&hydrate=teams(team,previewPlayers),probablePitcher HTTP/1.1" 200 2156
2025-06-30 18:44:54 — INFO — Loaded 8 games
2025-06-30 18:45:12 — INFO — 📦 Loading team codes from cache: .cache\team_codes_2025.json
2025-06-30 18:45:12 — INFO — Fetching team codes from MLB API for season 2025
2025-06-30 18:45:12 — DEBUG — Starting new HTTPS connection (1): statsapi.mlb.com:443
2025-06-30 18:45:12 — DEBUG — https://statsapi.mlb.com:443 "GET /api/v1/teams?season=2025&sportId=1 HTTP/1.1" 200 2916
2025-06-30 18:45:12 — INFO — ✅ Saved team codes to cache at F:\Dropbox\1_Work\Development\GitHub\Fluidity1337\ai-ml-predictive-models\src\utils\mlb\.cache\team_codes_2025.json
2025-06-30 18:45:12 — INFO — Features config keys: ['xFIP', 'BarrelPct', 'f1_era', 'WHIP', 'wRCp1st', 'wOBA3']
2025-06-30 18:45:12 — INFO — Loading 2025 pitching stats via pybaseball…
2025-06-30 18:45:12 — DEBUG — Starting new HTTPS connection (1): www.fangraphs.com:443
2025-06-30 18:45:12 — DEBUG — https://www.fangraphs.com:443 "GET /leaders-legacy.aspx?pos=all&stats=pit&lg=all&qual=y&type=c%2C-1%2C3%2C4%2C5%2C6%2C7%2C8%2C9%2C10%2C11%2C12%2C13%2C14%2C15%2C16%2C17%2C18%2C19%2C20%2C21%2C22%2C23%2C24%2C25%2C26%2C27%2C28%2C29%2C30%2C31%2C32%2C33%2C34%2C35%2C36%2C37%2C38%2C39%2C40%2C41%2C42%2C43%2C44%2C45%2C46%2C47%2C48%2C49%2C50%2C51%2C52%2C53%2C54%2C55%2C56%2C57%2C58%2C59%2C60%2C61%2C62%2C63%2C64%2C65%2C66%2C67%2C68%2C69%2C70%2C71%2C72%2C73%2C74%2C75%2C76%2C77%2C78%2C79%2C80%2C81%2C82%2C83%2C84%2C85%2C86%2C87%2C88%2C89%2C90%2C91%2C92%2C93%2C94%2C95%2C96%2C97%2C98%2C99%2C100%2C101%2C102%2C103%2C104%2C105%2C106%2C107%2C108%2C109%2C110%2C111%2C112%2C113%2C114%2C115%2C116%2C117%2C118%2C119%2C120%2C121%2C122%2C123%2C124%2C125%2C126%2C127%2C128%2C129%2C130%2C131%2C132%2C133%2C134%2C135%2C136%2C137%2C138%2C139%2C140%2C141%2C142%2C143%2C144%2C145%2C146%2C147%2C148%2C149%2C150%2C151%2C152%2C153%2C154%2C155%2C156%2C157%2C158%2C159%2C160%2C161%2C162%2C163%2C164%2C165%2C166%2C167%2C168%2C169%2C170%2C171%2C172%2C173%2C174%2C175%2C176%2C177%2C178%2C179%2C180%2C181%2C182%2C183%2C184%2C185%2C186%2C187%2C188%2C189%2C190%2C191%2C192%2C193%2C194%2C195%2C196%2C197%2C198%2C199%2C200%2C201%2C202%2C203%2C204%2C205%2C206%2C207%2C208%2C209%2C210%2C211%2C212%2C213%2C214%2C215%2C216%2C217%2C218%2C219%2C220%2C221%2C222%2C223%2C224%2C225%2C226%2C227%2C228%2C229%2C230%2C231%2C232%2C233%2C234%2C235%2C236%2C237%2C238%2C239%2C240%2C241%2C242%2C243%2C244%2C245%2C246%2C247%2C248%2C249%2C250%2C251%2C252%2C253%2C254%2C255%2C256%2C257%2C258%2C259%2C260%2C261%2C262%2C263%2C264%2C265%2C266%2C267%2C268%2C269%2C270%2C271%2C272%2C273%2C274%2C275%2C276%2C277%2C278%2C279%2C280%2C281%2C282%2C283%2C284%2C285%2C286%2C287%2C288%2C289%2C290%2C291%2C292%2C293%2C294%2C295%2C296%2C297%2C298%2C299%2C300%2C301%2C302%2C303%2C304%2C305%2C306%2C307%2C308%2C309%2C310%2C311%2C312%2C313%2C314%2C315%2C316%2C317%2C318%2C319%2C320%2C321%2C322%2C323%2C324%2C325%2C326%2C327%2C328%2C329%2C330%2C331%2C332%2C333%2C334%2C335%2C336%2C337%2C338%2C339%2C340%2C341%2C342%2C343%2C344%2C345%2C346%2C347%2C348%2C349%2C350%2C351%2C352%2C353%2C354%2C355%2C356%2C357%2C358%2C359%2C360%2C361%2C362%2C363%2C364%2C365%2C366%2C367%2C368%2C369%2C370%2C371%2C372%2C373%2C374%2C375%2C376%2C377%2C378%2C379%2C380%2C381%2C382%2C383%2C384%2C385%2C386%2C387%2C388%2C389%2C390%2C391&season=2025&month=0&season1=2025&ind=1&team=&rost=0&age=0%2C100&filter=&players=&page=1_1000000 HTTP/1.1" 200 None
2025-06-30 18:45:12 — INFO — Loading 2025 batting stats via pybaseball…
2025-06-30 18:45:12 — DEBUG — Starting new HTTPS connection (1): statsapi.mlb.com:443
2025-06-30 18:45:12 — DEBUG — https://statsapi.mlb.com:443 "GET /api/v1/schedule?sportId=1&date=2025-06-30&hydrate=teams(team,previewPlayers),probablePitcher HTTP/1.1" 200 2156
2025-06-30 18:45:12 — INFO — Loaded 8 games
2025-06-30 18:46:23 — INFO — 📦 Loading team codes from cache: .cache\team_codes_2025.json
2025-06-30 18:46:23 — INFO — Fetching team codes from MLB API for season 2025
2025-06-30 18:46:23 — DEBUG — Starting new HTTPS connection (1): statsapi.mlb.com:443
2025-06-30 18:46:23 — DEBUG — https://statsapi.mlb.com:443 "GET /api/v1/teams?season=2025&sportId=1 HTTP/1.1" 200 2916
2025-06-30 18:46:23 — INFO — ✅ Saved team codes to cache at F:\Dropbox\1_Work\Development\GitHub\Fluidity1337\ai-ml-predictive-models\src\utils\mlb\.cache\team_codes_2025.json
2025-06-30 18:46:23 — INFO — Features config keys: ['xFIP', 'BarrelPct', 'f1_era', 'WHIP', 'wRCp1st', 'wOBA3']
2025-06-30 18:46:23 — INFO — Loading 2025 pitching stats via pybaseball…
2025-06-30 18:46:23 — DEBUG — Starting new HTTPS connection (1): www.fangraphs.com:443
2025-06-30 18:46:23 — DEBUG — https://www.fangraphs.com:443 "GET /leaders-legacy.aspx?pos=all&stats=pit&lg=all&qual=y&type=c%2C-1%2C3%2C4%2C5%2C6%2C7%2C8%2C9%2C10%2C11%2C12%2C13%2C14%2C15%2C16%2C17%2C18%2C19%2C20%2C21%2C22%2C23%2C24%2C25%2C26%2C27%2C28%2C29%2C30%2C31%2C32%2C33%2C34%2C35%2C36%2C37%2C38%2C39%2C40%2C41%2C42%2C43%2C44%2C45%2C46%2C47%2C48%2C49%2C50%2C51%2C52%2C53%2C54%2C55%2C56%2C57%2C58%2C59%2C60%2C61%2C62%2C63%2C64%2C65%2C66%2C67%2C68%2C69%2C70%2C71%2C72%2C73%2C74%2C75%2C76%2C77%2C78%2C79%2C80%2C81%2C82%2C83%2C84%2C85%2C86%2C87%2C88%2C89%2C90%2C91%2C92%2C93%2C94%2C95%2C96%2C97%2C98%2C99%2C100%2C101%2C102%2C103%2C104%2C105%2C106%2C107%2C108%2C109%2C110%2C111%2C112%2C113%2C114%2C115%2C116%2C117%2C118%2C119%2C120%2C121%2C122%2C123%2C124%2C125%2C126%2C127%2C128%2C129%2C130%2C131%2C132%2C133%2C134%2C135%2C136%2C137%2C138%2C139%2C140%2C141%2C142%2C143%2C144%2C145%2C146%2C147%2C148%2C149%2C150%2C151%2C152%2C153%2C154%2C155%2C156%2C157%2C158%2C159%2C160%2C161%2C162%2C163%2C164%2C165%2C166%2C167%2C168%2C169%2C170%2C171%2C172%2C173%2C174%2C175%2C176%2C177%2C178%2C179%2C180%2C181%2C182%2C183%2C184%2C185%2C186%2C187%2C188%2C189%2C190%2C191%2C192%2C193%2C194%2C195%2C196%2C197%2C198%2C199%2C200%2C201%2C202%2C203%2C204%2C205%2C206%2C207%2C208%2C209%2C210%2C211%2C212%2C213%2C214%2C215%2C216%2C217%2C218%2C219%2C220%2C221%2C222%2C223%2C224%2C225%2C226%2C227%2C228%2C229%2C230%2C231%2C232%2C233%2C234%2C235%2C236%2C237%2C238%2C239%2C240%2C241%2C242%2C243%2C244%2C245%2C246%2C247%2C248%2C249%2C250%2C251%2C252%2C253%2C254%2C255%2C256%2C257%2C258%2C259%2C260%2C261%2C262%2C263%2C264%2C265%2C266%2C267%2C268%2C269%2C270%2C271%2C272%2C273%2C274%2C275%2C276%2C277%2C278%2C279%2C280%2C281%2C282%2C283%2C284%2C285%2C286%2C287%2C288%2C289%2C290%2C291%2C292%2C293%2C294%2C295%2C296%2C297%2C298%2C299%2C300%2C301%2C302%2C303%2C304%2C305%2C306%2C307%2C308%2C309%2C310%2C311%2C312%2C313%2C314%2C315%2C316%2C317%2C318%2C319%2C320%2C321%2C322%2C323%2C324%2C325%2C326%2C327%2C328%2C329%2C330%2C331%2C332%2C333%2C334%2C335%2C336%2C337%2C338%2C339%2C340%2C341%2C342%2C343%2C344%2C345%2C346%2C347%2C348%2C349%2C350%2C351%2C352%2C353%2C354%2C355%2C356%2C357%2C358%2C359%2C360%2C361%2C362%2C363%2C364%2C365%2C366%2C367%2C368%2C369%2C370%2C371%2C372%2C373%2C374%2C375%2C376%2C377%2C378%2C379%2C380%2C381%2C382%2C383%2C384%2C385%2C386%2C387%2C388%2C389%2C390%2C391&season=2025&month=0&season1=2025&ind=1&team=&rost=0&age=0%2C100&filter=&players=&page=1_1000000 HTTP/1.1" 200 None
2025-06-30 18:46:23 — INFO — Loading 2025 batting stats via pybaseball…
2025-06-30 18:46:23 — DEBUG — Starting new HTTPS connection (1): statsapi.mlb.com:443
2025-06-30 18:46:24 — DEBUG — https://statsapi.mlb.com:443 "GET /api/v1/schedule?sportId=1&date=2025-06-30&hydrate=teams(team,previewPlayers),probablePitcher HTTP/1.1" 200 2156
2025-06-30 18:46:24 — INFO — Loaded 8 games
2025-06-30 18:46:24 — DEBUG — [Game 777300] Processing game details
2025-06-30 18:46:24 — DEBUG — [777300] Probables parsed: {'away': {'id': 695505, 'fullName': 'Chase Burns', 'link': '/api/v1/people/695505'}, 'home': {'id': 676979, 'fullName': 'Garrett Crochet', 'link': '/api/v1/people/676979'}}
2025-06-30 18:46:24 — DEBUG — [777300] Side: away, Probable: {'id': 695505, 'fullName': 'Chase Burns', 'link': '/api/v1/people/695505'}
2025-06-30 18:46:24 — DEBUG — Starting new HTTPS connection (1): baseballsavant.mlb.com:443
2025-06-30 18:46:24 — DEBUG — https://baseballsavant.mlb.com:443 "GET /statcast_search/csv?all=true&hfPT=&hfAB=&hfBBT=&hfPR=&hfZ=&stadium=&hfBBL=&hfNewZones=&hfGT=R%7CPO%7CS%7C=&hfSea=&hfSit=&player_type=pitcher&hfOuts=&opponent=&pitcher_throws=&batter_stands=&hfSA=&game_date_gt=2025-05-31&game_date_lt=2025-06-30&pitchers_lookup%5B%5D=695505&team=&position=&hfRO=&home_road=&hfFlag=&metric_1=&hfInn=&min_pitches=0&min_results=0&group_by=name&sort_col=pitches&player_event_sort=h_launch_speed&sort_order=desc&min_abs=0&type=details& HTTP/1.1" 200 57758
2025-06-30 18:46:24 — INFO — Found 1 appearances for 2025-05-31→2025-06-30: ['2025-06-24']
2025-06-30 18:46:24 — DEBUG — Starting new HTTPS connection (1): baseballsavant.mlb.com:443
2025-06-30 18:46:24 — DEBUG — https://baseballsavant.mlb.com:443 "GET /statcast_search/csv?all=true&type=details&game_pk=777385 HTTP/1.1" 200 235803
2025-06-30 18:46:24 — DEBUG — [777300] Computed stats for Chase Burns: {'avg_xfip': np.float64(3.8576562500000002), 'avg_xfip_score': np.float64(54.7), 'avg_barrel_pct': np.float64(3.4482758620689653), 'avg_barrel_pct_score': np.float64(93.6)}
2025-06-30 18:46:24 — DEBUG — [777300] Side: home, Probable: {'id': 676979, 'fullName': 'Garrett Crochet', 'link': '/api/v1/people/676979'}
2025-06-30 18:46:24 — DEBUG — Starting new HTTPS connection (1): baseballsavant.mlb.com:443
2025-06-30 18:46:24 — DEBUG — https://baseballsavant.mlb.com:443 "GET /statcast_search/csv?all=true&hfPT=&hfAB=&hfBBT=&hfPR=&hfZ=&stadium=&hfBBL=&hfNewZones=&hfGT=R%7CPO%7CS%7C=&hfSea=&hfSit=&player_type=pitcher&hfOuts=&opponent=&pitcher_throws=&batter_stands=&hfSA=&game_date_gt=2025-05-31&game_date_lt=2025-06-30&pitchers_lookup%5B%5D=676979&team=&position=&hfRO=&home_road=&hfFlag=&metric_1=&hfInn=&min_pitches=0&min_results=0&group_by=name&sort_col=pitches&player_event_sort=h_launch_speed&sort_order=desc&min_abs=0&type=details& HTTP/1.1" 200 363945
2025-06-30 18:46:24 — INFO — Found 5 appearances for 2025-05-31→2025-06-30: ['2025-06-01', '2025-06-07', '2025-06-13', '2025-06-18', '2025-06-24']
2025-06-30 18:46:24 — DEBUG — Starting new HTTPS connection (1): baseballsavant.mlb.com:443
2025-06-30 18:46:24 — DEBUG — https://baseballsavant.mlb.com:443 "GET /statcast_search/csv?all=true&type=details&game_pk=777692 HTTP/1.1" 200 188136
2025-06-30 18:46:24 — DEBUG — Starting new HTTPS connection (1): baseballsavant.mlb.com:443
2025-06-30 18:46:24 — DEBUG — https://baseballsavant.mlb.com:443 "GET /statcast_search/csv?all=true&type=details&game_pk=777605 HTTP/1.1" 200 205664
2025-06-30 18:46:24 — DEBUG — Starting new HTTPS connection (1): baseballsavant.mlb.com:443
2025-06-30 18:46:24 — DEBUG — https://baseballsavant.mlb.com:443 "GET /statcast_search/csv?all=true&type=details&game_pk=777537 HTTP/1.1" 200 200822
2025-06-30 18:46:24 — DEBUG — Starting new HTTPS connection (1): baseballsavant.mlb.com:443
2025-06-30 18:46:24 — DEBUG — https://baseballsavant.mlb.com:443 "GET /statcast_search/csv?all=true&type=details&game_pk=777453 HTTP/1.1" 200 181456
2025-06-30 18:46:24 — DEBUG — Starting new HTTPS connection (1): baseballsavant.mlb.com:443
2025-06-30 18:46:24 — DEBUG — https://baseballsavant.mlb.com:443 "GET /statcast_search/csv?all=true&type=details&game_pk=777376 HTTP/1.1" 200 212954
2025-06-30 18:46:24 — DEBUG — [777300] Computed stats for Garrett Crochet: {'avg_xfip': np.float64(3.409874966771638), 'avg_xfip_score': np.float64(69.67999999999999), 'avg_barrel_pct': np.float64(2.7485380116959064), 'avg_barrel_pct_score': np.float64(85.4)}
2025-06-30 18:46:24 — INFO — [777300] Final pitcher count: 2
2025-06-30 18:46:24 — DEBUG — Starting new HTTPS connection (1): baseballsavant.mlb.com:443
2025-06-30 18:46:24 — DEBUG — https://baseballsavant.mlb.com:443 "GET /statcast_search/csv?all=true&hfPT=&hfAB=&hfBBT=&hfPR=&hfZ=&stadium=&hfBBL=&hfNewZones=&hfGT=R%7CPO%7CS%7C=&hfSea=&hfSit=&player_type=pitcher&hfOuts=&opponent=&pitcher_throws=&batter_stands=&hfSA=&game_date_gt=2025-05-31&game_date_lt=2025-06-30&pitchers_lookup%5B%5D=695505&team=&position=&hfRO=&home_road=&hfFlag=&metric_1=&hfInn=&min_pitches=0&min_results=0&group_by=name&sort_col=pitches&player_event_sort=h_launch_speed&sort_order=desc&min_abs=0&type=details& HTTP/1.1" 200 57758
2025-06-30 18:46:24 — INFO — Found 1 appearances for 2025-05-31→2025-06-30: ['2025-06-24']
2025-06-30 18:46:24 — DEBUG — Starting new HTTPS connection (1): baseballsavant.mlb.com:443
2025-06-30 18:46:24 — DEBUG — https://baseballsavant.mlb.com:443 "GET /statcast_search/csv?all=true&type=details&game_pk=777385 HTTP/1.1" 200 235803
2025-06-30 18:46:24 — DEBUG — Starting new HTTPS connection (1): baseballsavant.mlb.com:443
2025-06-30 18:46:25 — DEBUG — https://baseballsavant.mlb.com:443 "GET /statcast_search/csv?all=true&hfPT=&hfAB=&hfBBT=&hfPR=&hfZ=&stadium=&hfBBL=&hfNewZones=&hfGT=R%7CPO%7CS%7C=&hfSea=&hfSit=&player_type=pitcher&hfOuts=&opponent=&pitcher_throws=&batter_stands=&hfSA=&game_date_gt=2025-05-31&game_date_lt=2025-06-30&pitchers_lookup%5B%5D=695505&team=&position=&hfRO=&home_road=&hfFlag=&metric_1=&hfInn=&min_pitches=0&min_results=0&group_by=name&sort_col=pitches&player_event_sort=h_launch_speed&sort_order=desc&min_abs=0&type=details& HTTP/1.1" 200 57758
2025-06-30 18:46:25 — DEBUG — Starting new HTTPS connection (1): baseballsavant.mlb.com:443
2025-06-30 18:46:25 — DEBUG — https://baseballsavant.mlb.com:443 "GET /statcast_search/csv?all=true&hfPT=&hfAB=&hfBBT=&hfPR=&hfZ=&stadium=&hfBBL=&hfNewZones=&hfGT=R%7CPO%7CS%7C=&hfSea=&hfSit=&player_type=pitcher&hfOuts=&opponent=&pitcher_throws=&batter_stands=&hfSA=&game_date_gt=2025-05-31&game_date_lt=2025-06-30&pitchers_lookup%5B%5D=695505&team=&position=&hfRO=&home_road=&hfFlag=&metric_1=&hfInn=&min_pitches=0&min_results=0&group_by=name&sort_col=pitches&player_event_sort=h_launch_speed&sort_order=desc&min_abs=0&type=details& HTTP/1.1" 200 57758
2025-06-30 18:46:25 — WARNING — Failed to compute first-inning ERA for pitcher 695505: name 'statcast_pitcher' is not defined
2025-06-30 18:46:25 — DEBUG — Starting new HTTPS connection (1): baseballsavant.mlb.com:443
2025-06-30 18:46:25 — DEBUG — https://baseballsavant.mlb.com:443 "GET /statcast_search/csv?all=true&hfPT=&hfAB=&hfBBT=&hfPR=&hfZ=&stadium=&hfBBL=&hfNewZones=&hfGT=R%7CPO%7CS%7C=&hfSea=&hfSit=&player_type=pitcher&hfOuts=&opponent=&pitcher_throws=&batter_stands=&hfSA=&game_date_gt=2025-05-31&game_date_lt=2025-06-30&pitchers_lookup%5B%5D=676979&team=&position=&hfRO=&home_road=&hfFlag=&metric_1=&hfInn=&min_pitches=0&min_results=0&group_by=name&sort_col=pitches&player_event_sort=h_launch_speed&sort_order=desc&min_abs=0&type=details& HTTP/1.1" 200 363945
2025-06-30 18:46:25 — INFO — Found 5 appearances for 2025-05-31→2025-06-30: ['2025-06-01', '2025-06-07', '2025-06-13', '2025-06-18', '2025-06-24']
2025-06-30 18:46:25 — DEBUG — Starting new HTTPS connection (1): baseballsavant.mlb.com:443
2025-06-30 18:46:25 — DEBUG — https://baseballsavant.mlb.com:443 "GET /statcast_search/csv?all=true&type=details&game_pk=777692 HTTP/1.1" 200 188136
2025-06-30 18:46:25 — DEBUG — Starting new HTTPS connection (1): baseballsavant.mlb.com:443
2025-06-30 18:46:25 — DEBUG — https://baseballsavant.mlb.com:443 "GET /statcast_search/csv?all=true&type=details&game_pk=777605 HTTP/1.1" 200 205664
2025-06-30 18:46:25 — DEBUG — Starting new HTTPS connection (1): baseballsavant.mlb.com:443
2025-06-30 18:46:25 — DEBUG — https://baseballsavant.mlb.com:443 "GET /statcast_search/csv?all=true&type=details&game_pk=777537 HTTP/1.1" 200 200822
2025-06-30 18:46:25 — DEBUG — Starting new HTTPS connection (1): baseballsavant.mlb.com:443
2025-06-30 18:46:25 — DEBUG — https://baseballsavant.mlb.com:443 "GET /statcast_search/csv?all=true&type=details&game_pk=777453 HTTP/1.1" 200 181456
2025-06-30 18:46:25 — DEBUG — Starting new HTTPS connection (1): baseballsavant.mlb.com:443
2025-06-30 18:46:25 — DEBUG — https://baseballsavant.mlb.com:443 "GET /statcast_search/csv?all=true&type=details&game_pk=777376 HTTP/1.1" 200 212954
2025-06-30 18:46:25 — DEBUG — Starting new HTTPS connection (1): baseballsavant.mlb.com:443
2025-06-30 18:46:25 — DEBUG — https://baseballsavant.mlb.com:443 "GET /statcast_search/csv?all=true&hfPT=&hfAB=&hfBBT=&hfPR=&hfZ=&stadium=&hfBBL=&hfNewZones=&hfGT=R%7CPO%7CS%7C=&hfSea=&hfSit=&player_type=pitcher&hfOuts=&opponent=&pitcher_throws=&batter_stands=&hfSA=&game_date_gt=2025-05-31&game_date_lt=2025-06-30&pitchers_lookup%5B%5D=676979&team=&position=&hfRO=&home_road=&hfFlag=&metric_1=&hfInn=&min_pitches=0&min_results=0&group_by=name&sort_col=pitches&player_event_sort=h_launch_speed&sort_order=desc&min_abs=0&type=details& HTTP/1.1" 200 363945
2025-06-30 18:46:25 — DEBUG — Starting new HTTPS connection (1): baseballsavant.mlb.com:443
2025-06-30 18:46:25 — DEBUG — https://baseballsavant.mlb.com:443 "GET /statcast_search/csv?all=true&hfPT=&hfAB=&hfBBT=&hfPR=&hfZ=&stadium=&hfBBL=&hfNewZones=&hfGT=R%7CPO%7CS%7C=&hfSea=&hfSit=&player_type=pitcher&hfOuts=&opponent=&pitcher_throws=&batter_stands=&hfSA=&game_date_gt=2025-05-31&game_date_lt=2025-06-30&pitchers_lookup%5B%5D=676979&team=&position=&hfRO=&home_road=&hfFlag=&metric_1=&hfInn=&min_pitches=0&min_results=0&group_by=name&sort_col=pitches&player_event_sort=h_launch_speed&sort_order=desc&min_abs=0&type=details& HTTP/1.1" 200 363945
2025-06-30 18:46:25 — WARNING — Failed to compute first-inning ERA for pitcher 676979: name 'statcast_pitcher' is not defined
2025-06-30 18:46:25 — INFO — Saved CSV to data\baseball\mlb\raw\mlb_combined_stats_20250630.csv
2025-06-30 18:46:25 — INFO — Saved JSON stats summary to data\baseball\mlb\raw\mlb_daily_stats_summary_20250630.json
2025-06-30 18:46:25 — INFO — Saved CSV game summary to data\baseball\mlb\raw\mlb_daily_game_summary_20250630.csv
2025-06-30 18:46:25 — INFO — Saved JSON game summary to data\baseball\mlb\raw\mlb_daily_game_summary_20250630.json
